2023-05-24 01:31:01,502 [INFO] Activator:176 - 


2023-05-24 01:31:01,506 [INFO] Activator:177 - !SESSION log4j initialized
2023-05-24 01:31:08,055 [INFO] LogOutputStream:77 - [STDOUT_REDIRECT] 
2023-05-24 01:31:29,273 [ERROR] LogOutputStream:75 - [STDERR_REDIRECT] SLF4J: Failed to load class "org.slf4j.impl.StaticLoggerBinder".
2023-05-24 01:31:29,273 [ERROR] LogOutputStream:75 - [STDERR_REDIRECT] SLF4J: Defaulting to no-operation (NOP) logger implementation
2023-05-24 01:31:29,274 [ERROR] LogOutputStream:75 - [STDERR_REDIRECT] SLF4J: See http://www.slf4j.org/codes.html#StaticLoggerBinder for further details.
2023-05-24 01:47:52,954 [ERROR] LogOutputStream:75 - [STDERR_REDIRECT] java.net.URISyntaxException: Illegal character in path at index 35: file:/home/dawid/Desktop/Programing and other/GITHUB/Digit-Recognition-on-STM32/.metadata/.log4j2.xml
2023-05-24 01:47:52,963 [ERROR] LogOutputStream:75 - [STDERR_REDIRECT] 	at java.base/java.net.URI$Parser.fail(URI.java:2913)
2023-05-24 01:47:52,966 [ERROR] LogOutputStream:75 - [STDERR_REDIRECT] 	at java.base/java.net.URI$Parser.checkChars(URI.java:3084)
2023-05-24 01:47:52,967 [ERROR] LogOutputStream:75 - [STDERR_REDIRECT] 	at java.base/java.net.URI$Parser.parseHierarchical(URI.java:3166)
2023-05-24 01:47:52,967 [ERROR] LogOutputStream:75 - [STDERR_REDIRECT] 	at java.base/java.net.URI$Parser.parse(URI.java:3114)
2023-05-24 01:47:52,968 [ERROR] LogOutputStream:75 - [STDERR_REDIRECT] 	at java.base/java.net.URI.<init>(URI.java:600)
2023-05-24 01:47:52,968 [ERROR] LogOutputStream:75 - [STDERR_REDIRECT] 	at java.base/java.net.URL.toURI(URL.java:1061)
2023-05-24 01:47:52,968 [ERROR] LogOutputStream:75 - [STDERR_REDIRECT] 	at com.st.stm32cube.common.mx.core.CubeMxInstance.getInstance(CubeMxInstance.java:81)
2023-05-24 01:47:52,969 [ERROR] LogOutputStream:75 - [STDERR_REDIRECT] 	at com.st.stm32cube.common.mx.editor.CubeMxEditor.createPartControl(CubeMxEditor.java:1042)
2023-05-24 01:47:52,969 [ERROR] LogOutputStream:75 - [STDERR_REDIRECT] 	at org.eclipse.ui.internal.e4.compatibility.CompatibilityPart.createPartControl(CompatibilityPart.java:158)
2023-05-24 01:47:52,969 [ERROR] LogOutputStream:75 - [STDERR_REDIRECT] 	at org.eclipse.ui.internal.e4.compatibility.CompatibilityEditor.createPartControl(CompatibilityEditor.java:96)
2023-05-24 01:47:52,970 [ERROR] LogOutputStream:75 - [STDERR_REDIRECT] 	at org.eclipse.ui.internal.e4.compatibility.CompatibilityPart.create(CompatibilityPart.java:365)
2023-05-24 01:47:52,970 [ERROR] LogOutputStream:75 - [STDERR_REDIRECT] 	at java.base/jdk.internal.reflect.NativeMethodAccessorImpl.invoke0(Native Method)
2023-05-24 01:47:52,970 [ERROR] LogOutputStream:75 - [STDERR_REDIRECT] 	at java.base/jdk.internal.reflect.NativeMethodAccessorImpl.invoke(NativeMethodAccessorImpl.java:62)
2023-05-24 01:47:52,971 [ERROR] LogOutputStream:75 - [STDERR_REDIRECT] 	at java.base/jdk.internal.reflect.DelegatingMethodAccessorImpl.invoke(DelegatingMethodAccessorImpl.java:43)
2023-05-24 01:47:52,971 [ERROR] LogOutputStream:75 - [STDERR_REDIRECT] 	at java.base/java.lang.reflect.Method.invoke(Method.java:566)
2023-05-24 01:47:52,971 [ERROR] LogOutputStream:75 - [STDERR_REDIRECT] 	at org.eclipse.e4.core.internal.di.MethodRequestor.execute(MethodRequestor.java:58)
2023-05-24 01:47:52,971 [ERROR] LogOutputStream:75 - [STDERR_REDIRECT] 	at org.eclipse.e4.core.internal.di.InjectorImpl.processAnnotated(InjectorImpl.java:995)
2023-05-24 01:47:52,972 [ERROR] LogOutputStream:75 - [STDERR_REDIRECT] 	at org.eclipse.e4.core.internal.di.InjectorImpl.processAnnotated(InjectorImpl.java:960)
2023-05-24 01:47:52,972 [ERROR] LogOutputStream:75 - [STDERR_REDIRECT] 	at org.eclipse.e4.core.internal.di.InjectorImpl.internalInject(InjectorImpl.java:140)
2023-05-24 01:47:52,972 [ERROR] LogOutputStream:75 - [STDERR_REDIRECT] 	at org.eclipse.e4.core.internal.di.InjectorImpl.internalMake(InjectorImpl.java:403)
2023-05-24 01:47:52,972 [ERROR] LogOutputStream:75 - [STDERR_REDIRECT] 	at org.eclipse.e4.core.internal.di.InjectorImpl.make(InjectorImpl.java:330)
2023-05-24 01:47:52,973 [ERROR] LogOutputStream:75 - [STDERR_REDIRECT] 	at org.eclipse.e4.core.contexts.ContextInjectionFactory.make(ContextInjectionFactory.java:202)
2023-05-24 01:47:52,973 [ERROR] LogOutputStream:75 - [STDERR_REDIRECT] 	at org.eclipse.e4.ui.internal.workbench.ReflectionContributionFactory.createFromBundle(ReflectionContributionFactory.java:91)
2023-05-24 01:47:52,973 [ERROR] LogOutputStream:75 - [STDERR_REDIRECT] 	at org.eclipse.e4.ui.internal.workbench.ReflectionContributionFactory.doCreate(ReflectionContributionFactory.java:60)
2023-05-24 01:47:52,973 [ERROR] LogOutputStream:75 - [STDERR_REDIRECT] 	at org.eclipse.e4.ui.internal.workbench.ReflectionContributionFactory.create(ReflectionContributionFactory.java:42)
2023-05-24 01:47:52,974 [ERROR] LogOutputStream:75 - [STDERR_REDIRECT] 	at org.eclipse.e4.ui.workbench.renderers.swt.ContributedPartRenderer.createWidget(ContributedPartRenderer.java:132)
2023-05-24 01:47:52,974 [ERROR] LogOutputStream:75 - [STDERR_REDIRECT] 	at org.eclipse.e4.ui.internal.workbench.swt.PartRenderingEngine.createWidget(PartRenderingEngine.java:995)
2023-05-24 01:47:52,974 [ERROR] LogOutputStream:75 - [STDERR_REDIRECT] 	at org.eclipse.e4.ui.internal.workbench.swt.PartRenderingEngine.safeCreateGui(PartRenderingEngine.java:659)
2023-05-24 01:47:52,975 [ERROR] LogOutputStream:75 - [STDERR_REDIRECT] 	at org.eclipse.e4.ui.internal.workbench.swt.PartRenderingEngine.safeCreateGui(PartRenderingEngine.java:763)
2023-05-24 01:47:52,975 [ERROR] LogOutputStream:75 - [STDERR_REDIRECT] 	at org.eclipse.e4.ui.internal.workbench.swt.PartRenderingEngine$2.run(PartRenderingEngine.java:728)
2023-05-24 01:47:52,976 [ERROR] LogOutputStream:75 - [STDERR_REDIRECT] 	at org.eclipse.core.runtime.SafeRunner.run(SafeRunner.java:45)
2023-05-24 01:47:52,976 [ERROR] LogOutputStream:75 - [STDERR_REDIRECT] 	at org.eclipse.e4.ui.internal.workbench.swt.PartRenderingEngine.createGui(PartRenderingEngine.java:712)
2023-05-24 01:47:52,976 [ERROR] LogOutputStream:75 - [STDERR_REDIRECT] 	at org.eclipse.e4.ui.internal.workbench.PartServiceImpl.lambda$0(PartServiceImpl.java:105)
2023-05-24 01:47:52,976 [ERROR] LogOutputStream:75 - [STDERR_REDIRECT] 	at org.eclipse.e4.ui.services.internal.events.UIEventHandler.lambda$0(UIEventHandler.java:38)
2023-05-24 01:47:52,977 [ERROR] LogOutputStream:75 - [STDERR_REDIRECT] 	at org.eclipse.swt.widgets.Synchronizer.syncExec(Synchronizer.java:236)
2023-05-24 01:47:52,977 [ERROR] LogOutputStream:75 - [STDERR_REDIRECT] 	at org.eclipse.ui.internal.UISynchronizer.syncExec(UISynchronizer.java:133)
2023-05-24 01:47:52,977 [ERROR] LogOutputStream:75 - [STDERR_REDIRECT] 	at org.eclipse.swt.widgets.Display.syncExec(Display.java:6012)
2023-05-24 01:47:52,978 [ERROR] LogOutputStream:75 - [STDERR_REDIRECT] 	at org.eclipse.e4.ui.workbench.swt.DisplayUISynchronize.syncExec(DisplayUISynchronize.java:34)
2023-05-24 01:47:52,978 [ERROR] LogOutputStream:75 - [STDERR_REDIRECT] 	at org.eclipse.e4.ui.services.internal.events.UIEventHandler.handleEvent(UIEventHandler.java:38)
2023-05-24 01:47:52,978 [ERROR] LogOutputStream:75 - [STDERR_REDIRECT] 	at org.eclipse.equinox.internal.event.EventHandlerWrapper.handleEvent(EventHandlerWrapper.java:205)
2023-05-24 01:47:52,979 [ERROR] LogOutputStream:75 - [STDERR_REDIRECT] 	at org.eclipse.equinox.internal.event.EventHandlerTracker.dispatchEvent(EventHandlerTracker.java:203)
2023-05-24 01:47:52,979 [ERROR] LogOutputStream:75 - [STDERR_REDIRECT] 	at org.eclipse.equinox.internal.event.EventHandlerTracker.dispatchEvent(EventHandlerTracker.java:1)
2023-05-24 01:47:52,979 [ERROR] LogOutputStream:75 - [STDERR_REDIRECT] 	at org.eclipse.osgi.framework.eventmgr.EventManager.dispatchEvent(EventManager.java:234)
2023-05-24 01:47:52,980 [ERROR] LogOutputStream:75 - [STDERR_REDIRECT] 	at org.eclipse.osgi.framework.eventmgr.ListenerQueue.dispatchEventSynchronous(ListenerQueue.java:151)
2023-05-24 01:47:52,980 [ERROR] LogOutputStream:75 - [STDERR_REDIRECT] 	at org.eclipse.equinox.internal.event.EventAdminImpl.dispatchEvent(EventAdminImpl.java:133)
2023-05-24 01:47:52,981 [ERROR] LogOutputStream:75 - [STDERR_REDIRECT] 	at org.eclipse.equinox.internal.event.EventAdminImpl.sendEvent(EventAdminImpl.java:75)
2023-05-24 01:47:52,981 [ERROR] LogOutputStream:75 - [STDERR_REDIRECT] 	at org.eclipse.equinox.internal.event.EventComponent.sendEvent(EventComponent.java:44)
2023-05-24 01:47:53,005 [ERROR] LogOutputStream:75 - [STDERR_REDIRECT] 	at org.eclipse.e4.ui.services.internal.events.EventBroker.send(EventBroker.java:55)
2023-05-24 01:47:53,005 [ERROR] LogOutputStream:75 - [STDERR_REDIRECT] 	at org.eclipse.e4.ui.internal.workbench.UIEventPublisher.notifyChanged(UIEventPublisher.java:63)
2023-05-24 01:47:53,005 [ERROR] LogOutputStream:75 - [STDERR_REDIRECT] 	at org.eclipse.emf.common.notify.impl.BasicNotifierImpl.eNotify(BasicNotifierImpl.java:424)
2023-05-24 01:47:53,006 [ERROR] LogOutputStream:75 - [STDERR_REDIRECT] 	at org.eclipse.e4.ui.model.application.ui.impl.ElementContainerImpl.setSelectedElementGen(ElementContainerImpl.java:170)
2023-05-24 01:47:53,006 [ERROR] LogOutputStream:75 - [STDERR_REDIRECT] 	at org.eclipse.e4.ui.model.application.ui.impl.ElementContainerImpl.setSelectedElement(ElementContainerImpl.java:188)
2023-05-24 01:47:53,006 [ERROR] LogOutputStream:75 - [STDERR_REDIRECT] 	at org.eclipse.e4.ui.internal.workbench.ModelServiceImpl.showElementInWindow(ModelServiceImpl.java:660)
2023-05-24 01:47:53,007 [ERROR] LogOutputStream:75 - [STDERR_REDIRECT] 	at org.eclipse.e4.ui.internal.workbench.ModelServiceImpl.bringToTop(ModelServiceImpl.java:624)
2023-05-24 01:47:53,007 [ERROR] LogOutputStream:75 - [STDERR_REDIRECT] 	at org.eclipse.e4.ui.internal.workbench.PartServiceImpl.delegateBringToTop(PartServiceImpl.java:787)
2023-05-24 01:47:53,008 [ERROR] LogOutputStream:75 - [STDERR_REDIRECT] 	at org.eclipse.e4.ui.internal.workbench.PartServiceImpl.bringToTop(PartServiceImpl.java:401)
2023-05-24 01:47:53,008 [ERROR] LogOutputStream:75 - [STDERR_REDIRECT] 	at org.eclipse.e4.ui.internal.workbench.PartServiceImpl.showPart(PartServiceImpl.java:1261)
2023-05-24 01:47:53,008 [ERROR] LogOutputStream:75 - [STDERR_REDIRECT] 	at org.eclipse.ui.internal.WorkbenchPage.busyOpenEditor(WorkbenchPage.java:3207)
2023-05-24 01:47:53,008 [ERROR] LogOutputStream:75 - [STDERR_REDIRECT] 	at org.eclipse.ui.internal.WorkbenchPage.lambda$9(WorkbenchPage.java:3097)
2023-05-24 01:47:53,009 [ERROR] LogOutputStream:75 - [STDERR_REDIRECT] 	at org.eclipse.swt.custom.BusyIndicator.showWhile(BusyIndicator.java:74)
2023-05-24 01:47:53,009 [ERROR] LogOutputStream:75 - [STDERR_REDIRECT] 	at org.eclipse.ui.internal.WorkbenchPage.openEditor(WorkbenchPage.java:3095)
2023-05-24 01:47:53,009 [ERROR] LogOutputStream:75 - [STDERR_REDIRECT] 	at org.eclipse.ui.internal.WorkbenchPage.openEditor(WorkbenchPage.java:3065)
2023-05-24 01:47:53,010 [ERROR] LogOutputStream:75 - [STDERR_REDIRECT] 	at org.eclipse.ui.internal.WorkbenchPage.openEditor(WorkbenchPage.java:3056)
2023-05-24 01:47:53,010 [ERROR] LogOutputStream:75 - [STDERR_REDIRECT] 	at org.eclipse.ui.ide.IDE.openEditor(IDE.java:569)
2023-05-24 01:47:53,010 [ERROR] LogOutputStream:75 - [STDERR_REDIRECT] 	at org.eclipse.ui.ide.IDE.openEditor(IDE.java:524)
2023-05-24 01:47:53,010 [ERROR] LogOutputStream:75 - [STDERR_REDIRECT] 	at org.eclipse.ui.actions.OpenFileAction.openFile(OpenFileAction.java:103)
2023-05-24 01:47:53,011 [ERROR] LogOutputStream:75 - [STDERR_REDIRECT] 	at org.eclipse.ui.actions.OpenSystemEditorAction.run(OpenSystemEditorAction.java:96)
2023-05-24 01:47:53,011 [ERROR] LogOutputStream:75 - [STDERR_REDIRECT] 	at org.eclipse.ui.actions.RetargetAction.run(RetargetAction.java:215)
2023-05-24 01:47:53,011 [ERROR] LogOutputStream:75 - [STDERR_REDIRECT] 	at org.eclipse.ui.navigator.CommonNavigatorManager$1.open(CommonNavigatorManager.java:183)
2023-05-24 01:47:53,011 [ERROR] LogOutputStream:75 - [STDERR_REDIRECT] 	at org.eclipse.ui.OpenAndLinkWithEditorHelper$InternalListener.open(OpenAndLinkWithEditorHelper.java:48)
2023-05-24 01:47:53,012 [ERROR] LogOutputStream:75 - [STDERR_REDIRECT] 	at org.eclipse.jface.viewers.StructuredViewer$2.run(StructuredViewer.java:800)
2023-05-24 01:47:53,012 [ERROR] LogOutputStream:75 - [STDERR_REDIRECT] 	at org.eclipse.core.runtime.SafeRunner.run(SafeRunner.java:45)
2023-05-24 01:47:53,012 [ERROR] LogOutputStream:75 - [STDERR_REDIRECT] 	at org.eclipse.jface.util.SafeRunnable.run(SafeRunnable.java:174)
2023-05-24 01:47:53,012 [ERROR] LogOutputStream:75 - [STDERR_REDIRECT] 	at org.eclipse.jface.viewers.StructuredViewer.fireOpen(StructuredViewer.java:797)
2023-05-24 01:47:53,013 [ERROR] LogOutputStream:75 - [STDERR_REDIRECT] 	at org.eclipse.jface.viewers.StructuredViewer.handleOpen(StructuredViewer.java:1116)
2023-05-24 01:47:53,013 [ERROR] LogOutputStream:75 - [STDERR_REDIRECT] 	at org.eclipse.ui.navigator.CommonViewer.handleOpen(CommonViewer.java:454)
2023-05-24 01:47:53,013 [ERROR] LogOutputStream:75 - [STDERR_REDIRECT] 	at org.eclipse.jface.util.OpenStrategy.fireOpenEvent(OpenStrategy.java:296)
2023-05-24 01:47:53,014 [ERROR] LogOutputStream:75 - [STDERR_REDIRECT] 	at org.eclipse.jface.util.OpenStrategy$1.handleEvent(OpenStrategy.java:331)
2023-05-24 01:47:53,014 [ERROR] LogOutputStream:75 - [STDERR_REDIRECT] 	at org.eclipse.swt.widgets.EventTable.sendEvent(EventTable.java:89)
2023-05-24 01:47:53,014 [ERROR] LogOutputStream:75 - [STDERR_REDIRECT] 	at org.eclipse.swt.widgets.Display.sendEvent(Display.java:5895)
2023-05-24 01:47:53,014 [ERROR] LogOutputStream:75 - [STDERR_REDIRECT] 	at org.eclipse.swt.widgets.Widget.sendEvent(Widget.java:1520)
2023-05-24 01:47:53,015 [ERROR] LogOutputStream:75 - [STDERR_REDIRECT] 	at org.eclipse.swt.widgets.Display.runDeferredEvents(Display.java:5126)
2023-05-24 01:47:53,015 [ERROR] LogOutputStream:75 - [STDERR_REDIRECT] 	at org.eclipse.swt.widgets.Display.readAndDispatch(Display.java:4581)
2023-05-24 01:47:53,015 [ERROR] LogOutputStream:75 - [STDERR_REDIRECT] 	at org.eclipse.e4.ui.internal.workbench.swt.PartRenderingEngine$5.run(PartRenderingEngine.java:1155)
2023-05-24 01:47:53,015 [ERROR] LogOutputStream:75 - [STDERR_REDIRECT] 	at org.eclipse.core.databinding.observable.Realm.runWithDefault(Realm.java:338)
2023-05-24 01:47:53,016 [ERROR] LogOutputStream:75 - [STDERR_REDIRECT] 	at org.eclipse.e4.ui.internal.workbench.swt.PartRenderingEngine.run(PartRenderingEngine.java:1046)
2023-05-24 01:47:53,016 [ERROR] LogOutputStream:75 - [STDERR_REDIRECT] 	at org.eclipse.e4.ui.internal.workbench.E4Workbench.createAndRunUI(E4Workbench.java:155)
2023-05-24 01:47:53,016 [ERROR] LogOutputStream:75 - [STDERR_REDIRECT] 	at org.eclipse.ui.internal.Workbench.lambda$3(Workbench.java:644)
2023-05-24 01:47:53,017 [ERROR] LogOutputStream:75 - [STDERR_REDIRECT] 	at org.eclipse.core.databinding.observable.Realm.runWithDefault(Realm.java:338)
2023-05-24 01:47:53,017 [ERROR] LogOutputStream:75 - [STDERR_REDIRECT] 	at org.eclipse.ui.internal.Workbench.createAndRunWorkbench(Workbench.java:551)
2023-05-24 01:47:53,017 [ERROR] LogOutputStream:75 - [STDERR_REDIRECT] 	at org.eclipse.ui.PlatformUI.createAndRunWorkbench(PlatformUI.java:156)
2023-05-24 01:47:53,018 [ERROR] LogOutputStream:75 - [STDERR_REDIRECT] 	at org.eclipse.ui.internal.ide.application.IDEApplication.start(IDEApplication.java:152)
2023-05-24 01:47:53,018 [ERROR] LogOutputStream:75 - [STDERR_REDIRECT] 	at org.eclipse.equinox.internal.app.EclipseAppHandle.run(EclipseAppHandle.java:203)
2023-05-24 01:47:53,018 [ERROR] LogOutputStream:75 - [STDERR_REDIRECT] 	at org.eclipse.core.runtime.internal.adaptor.EclipseAppLauncher.runApplication(EclipseAppLauncher.java:136)
2023-05-24 01:47:53,018 [ERROR] LogOutputStream:75 - [STDERR_REDIRECT] 	at org.eclipse.core.runtime.internal.adaptor.EclipseAppLauncher.start(EclipseAppLauncher.java:104)
2023-05-24 01:47:53,019 [ERROR] LogOutputStream:75 - [STDERR_REDIRECT] 	at org.eclipse.core.runtime.adaptor.EclipseStarter.run(EclipseStarter.java:401)
2023-05-24 01:47:53,019 [ERROR] LogOutputStream:75 - [STDERR_REDIRECT] 	at org.eclipse.core.runtime.adaptor.EclipseStarter.run(EclipseStarter.java:255)
2023-05-24 01:47:53,019 [ERROR] LogOutputStream:75 - [STDERR_REDIRECT] 	at java.base/jdk.internal.reflect.NativeMethodAccessorImpl.invoke0(Native Method)
2023-05-24 01:47:53,019 [ERROR] LogOutputStream:75 - [STDERR_REDIRECT] 	at java.base/jdk.internal.reflect.NativeMethodAccessorImpl.invoke(NativeMethodAccessorImpl.java:62)
2023-05-24 01:47:53,020 [ERROR] LogOutputStream:75 - [STDERR_REDIRECT] 	at java.base/jdk.internal.reflect.DelegatingMethodAccessorImpl.invoke(DelegatingMethodAccessorImpl.java:43)
2023-05-24 01:47:53,020 [ERROR] LogOutputStream:75 - [STDERR_REDIRECT] 	at java.base/java.lang.reflect.Method.invoke(Method.java:566)
2023-05-24 01:47:53,020 [ERROR] LogOutputStream:75 - [STDERR_REDIRECT] 	at org.eclipse.equinox.launcher.Main.invokeFramework(Main.java:659)
2023-05-24 01:47:53,021 [ERROR] LogOutputStream:75 - [STDERR_REDIRECT] 	at org.eclipse.equinox.launcher.Main.basicRun(Main.java:596)
2023-05-24 01:47:53,021 [ERROR] LogOutputStream:75 - [STDERR_REDIRECT] 	at org.eclipse.equinox.launcher.Main.run(Main.java:1467)
2023-05-24 01:47:53,021 [ERROR] LogOutputStream:75 - [STDERR_REDIRECT] 	at org.eclipse.equinox.launcher.Main.main(Main.java:1440)
2023-05-24 02:35:52,154 [INFO] LogOutputStream:77 - [STDOUT_REDIRECT] 
2023-05-24 08:41:44,412 [INFO] Activator:176 - 


2023-05-24 08:41:44,413 [INFO] Activator:177 - !SESSION log4j initialized
2023-05-24 08:41:47,503 [INFO] LogOutputStream:77 - [STDOUT_REDIRECT] 
2023-05-24 08:41:47,875 [ERROR] ConfigurationRetriever:142 - IOException on connection: sw-center.st.com
2023-05-24 08:41:47,876 [ERROR] ConfigurationRetriever:142 - IOException on connection: sw-center.st.com
2023-05-24 08:41:47,877 [ERROR] ConfigurationRetriever:142 - IOException on connection: sw-center.st.com
2023-05-24 08:42:08,239 [ERROR] LogOutputStream:75 - [STDERR_REDIRECT] SLF4J: Failed to load class "org.slf4j.impl.StaticLoggerBinder".
2023-05-24 08:42:08,240 [ERROR] LogOutputStream:75 - [STDERR_REDIRECT] SLF4J: Defaulting to no-operation (NOP) logger implementation
2023-05-24 08:42:08,240 [ERROR] LogOutputStream:75 - [STDERR_REDIRECT] SLF4J: See http://www.slf4j.org/codes.html#StaticLoggerBinder for further details.
2023-05-24 08:43:52,879 [ERROR] ConfigurationRetriever:142 - IOException on connection: sw-center.st.com
2023-05-24 08:43:52,880 [ERROR] ConfigurationRetriever:142 - IOException on connection: sw-center.st.com
2023-05-24 08:43:52,881 [ERROR] ConfigurationRetriever:142 - IOException on connection: sw-center.st.com
2023-05-24 08:45:43,428 [ERROR] ConfigurationRetriever:142 - IOException on connection: sw-center.st.com
2023-05-24 08:45:43,428 [ERROR] ConfigurationRetriever:142 - IOException on connection: sw-center.st.com
2023-05-24 08:45:43,428 [ERROR] ConfigurationRetriever:142 - IOException on connection: sw-center.st.com
2023-05-24 08:45:51,084 [ERROR] ConfigurationRetriever:142 - IOException on connection: sw-center.st.com
2023-05-24 08:45:51,085 [ERROR] ConfigurationRetriever:142 - IOException on connection: sw-center.st.com
2023-05-24 08:45:51,085 [ERROR] ConfigurationRetriever:142 - IOException on connection: sw-center.st.com
2023-05-24 08:49:56,743 [ERROR] ConfigurationRetriever:142 - IOException on connection: sw-center.st.com
2023-05-24 08:49:56,744 [ERROR] ConfigurationRetriever:142 - IOException on connection: sw-center.st.com
2023-05-24 08:49:56,744 [ERROR] ConfigurationRetriever:142 - IOException on connection: sw-center.st.com
2023-05-24 10:13:46,165 [INFO] Activator:176 - 


2023-05-24 10:13:46,166 [INFO] Activator:177 - !SESSION log4j initialized
2023-05-24 10:13:49,316 [INFO] LogOutputStream:77 - [STDOUT_REDIRECT] 
2023-05-24 10:13:49,621 [ERROR] ConfigurationRetriever:142 - IOException on connection: sw-center.st.com
2023-05-24 10:13:49,622 [ERROR] ConfigurationRetriever:142 - IOException on connection: sw-center.st.com
2023-05-24 10:13:49,622 [ERROR] ConfigurationRetriever:142 - IOException on connection: sw-center.st.com
2023-05-24 10:14:10,187 [ERROR] LogOutputStream:75 - [STDERR_REDIRECT] SLF4J: Failed to load class "org.slf4j.impl.StaticLoggerBinder".
2023-05-24 10:14:10,188 [ERROR] LogOutputStream:75 - [STDERR_REDIRECT] SLF4J: Defaulting to no-operation (NOP) logger implementation
2023-05-24 10:14:10,188 [ERROR] LogOutputStream:75 - [STDERR_REDIRECT] SLF4J: See http://www.slf4j.org/codes.html#StaticLoggerBinder for further details.
2023-05-24 10:14:22,610 [ERROR] ConfigurationRetriever:142 - IOException on connection: sw-center.st.com
2023-05-24 10:14:22,610 [ERROR] ConfigurationRetriever:142 - IOException on connection: sw-center.st.com
2023-05-24 10:14:22,610 [ERROR] ConfigurationRetriever:142 - IOException on connection: sw-center.st.com
2023-05-24 10:16:10,964 [ERROR] ConfigurationRetriever:142 - IOException on connection: sw-center.st.com
2023-05-24 10:16:10,965 [ERROR] ConfigurationRetriever:142 - IOException on connection: sw-center.st.com
2023-05-24 10:16:10,965 [ERROR] ConfigurationRetriever:142 - IOException on connection: sw-center.st.com
2023-05-24 10:20:56,302 [ERROR] ConfigurationRetriever:142 - IOException on connection: sw-center.st.com
2023-05-24 10:20:56,303 [ERROR] ConfigurationRetriever:142 - IOException on connection: sw-center.st.com
2023-05-24 10:20:56,304 [ERROR] ConfigurationRetriever:142 - IOException on connection: sw-center.st.com
2023-05-24 10:20:56,505 [ERROR] ConfigurationRetriever:142 - IOException on connection: sw-center.st.com
2023-05-24 10:20:56,505 [ERROR] ConfigurationRetriever:142 - IOException on connection: sw-center.st.com
2023-05-24 10:20:56,506 [ERROR] ConfigurationRetriever:142 - IOException on connection: sw-center.st.com
2023-05-24 10:24:28,506 [ERROR] ConfigurationRetriever:142 - IOException on connection: sw-center.st.com
2023-05-24 10:24:28,506 [ERROR] ConfigurationRetriever:142 - IOException on connection: sw-center.st.com
2023-05-24 10:24:28,507 [ERROR] ConfigurationRetriever:142 - IOException on connection: sw-center.st.com
2023-05-24 10:24:28,734 [ERROR] ConfigurationRetriever:142 - IOException on connection: sw-center.st.com
2023-05-24 10:24:28,735 [ERROR] ConfigurationRetriever:142 - IOException on connection: sw-center.st.com
2023-05-24 10:24:28,735 [ERROR] ConfigurationRetriever:142 - IOException on connection: sw-center.st.com
