2023-03-12 20:13:10,818 [INFO] Activator:177 - 


2023-03-12 20:13:10,820 [INFO] Activator:178 - !SESSION log4j initialized
2023-03-12 20:13:19,363 [INFO] McuFinderGlobals:44 - Set McuFinder mode to 2 (CubeIDE integrated)
2023-03-12 20:13:19,429 [INFO] ApplicationProperties:181 - Using Application install path: /opt/st/stm32cubeide_1.10.1/plugins/com.st.stm32cube.common.mx_6.6.1.202207061420
2023-03-12 20:13:19,447 [INFO] DbMcusXml:77 - Set database path to: /opt/st/stm32cubeide_1.10.1/plugins/com.st.stm32cube.common.mx_6.6.1.202207061420//db//mcu/
2023-03-12 20:13:19,447 [INFO] ApiDb:269 - Set plugin database path to: /opt/st/stm32cubeide_1.10.1/plugins/com.st.stm32cube.common.mx_6.6.1.202207061420//db//plugins/boardmanager/
2023-03-12 20:13:19,451 [WARN] ApiDb:254 - Overriding images path with different value:  => /opt/st/stm32cubeide_1.10.1/plugins/com.st.stm32cube.common.mx_6.6.1.202207061420//db//plugins/mcufinder/images/
2023-03-12 20:13:19,465 [INFO] ApiDb:249 - Set database path to: /home/dawid/.stmcufinder/plugins/mcufinder//mcu/
2023-03-12 20:13:19,467 [INFO] DbMcusAds:124 - Set database path to: /home/dawid/.stmcufinder/plugins/mcufinder//mcu/
2023-03-12 20:13:19,469 [INFO] CrossReferenceDbSqlite:201 - Set database path to: /home/dawid/.stmcufinder/plugins/mcufinder//mcu/cs/
2023-03-12 20:13:19,559 [INFO] RulesReader:61 - Compatibility file has been processed (282 Rules)
2023-03-12 20:13:19,614 [INFO] DbMcusXml:77 - Set database path to: /opt/st/stm32cubeide_1.10.1/plugins/com.st.stm32cube.common.mx_6.6.1.202207061420//db//mcu/
2023-03-12 20:13:19,614 [INFO] ApiDb:269 - Set plugin database path to: /opt/st/stm32cubeide_1.10.1/plugins/com.st.stm32cube.common.mx_6.6.1.202207061420//db//plugins/boardmanager/
2023-03-12 20:13:19,615 [INFO] ApiDb:256 - Set plugin images path to: /opt/st/stm32cubeide_1.10.1/plugins/com.st.stm32cube.common.mx_6.6.1.202207061420//db//plugins/mcufinder/images/
2023-03-12 20:13:19,615 [WARN] DbFile:40 - Overriding database path with different value: /home/dawid/.stmcufinder/plugins/mcufinder/ => /home/dawid/.stmcufinder/plugins/mcufinder
2023-03-12 20:13:19,615 [INFO] ApiDb:249 - Set database path to: /home/dawid/.stmcufinder/plugins/mcufinder//mcu/
2023-03-12 20:13:19,615 [WARN] DbFile:40 - Overriding database path with different value: /home/dawid/.stmcufinder/plugins/mcufinder/ => /home/dawid/.stmcufinder/plugins/mcufinder
2023-03-12 20:13:19,615 [INFO] DbMcusAds:124 - Set database path to: /home/dawid/.stmcufinder/plugins/mcufinder//mcu/
2023-03-12 20:13:19,616 [WARN] DbFile:40 - Overriding database path with different value: /home/dawid/.stmcufinder/plugins/mcufinder/ => /home/dawid/.stmcufinder/plugins/mcufinder
2023-03-12 20:13:19,616 [WARN] DbFile:40 - Overriding database path with different value: /home/dawid/.stmcufinder/plugins/mcufinder/ => /home/dawid/.stmcufinder/plugins/mcufinder
2023-03-12 20:13:19,616 [INFO] CrossReferenceDbSqlite:201 - Set database path to: /home/dawid/.stmcufinder/plugins/mcufinder//mcu/cs/
2023-03-12 20:13:19,667 [INFO] MainPanel:242 - HeapMemory: 268435456
2023-03-12 20:13:19,731 [INFO] DbMcusXml:77 - Set database path to: /opt/st/stm32cubeide_1.10.1/plugins/com.st.stm32cube.common.mx_6.6.1.202207061420//db//mcu/
2023-03-12 20:13:19,732 [INFO] ApiDb:269 - Set plugin database path to: /opt/st/stm32cubeide_1.10.1/plugins/com.st.stm32cube.common.mx_6.6.1.202207061420//db//plugins/boardmanager/
2023-03-12 20:13:19,732 [INFO] ApiDb:256 - Set plugin images path to: /opt/st/stm32cubeide_1.10.1/plugins/com.st.stm32cube.common.mx_6.6.1.202207061420//db//plugins/mcufinder/images/
2023-03-12 20:13:19,732 [WARN] DbFile:40 - Overriding database path with different value: /home/dawid/.stmcufinder/plugins/mcufinder/ => /home/dawid/.stmcufinder/plugins/mcufinder
2023-03-12 20:13:19,732 [INFO] ApiDb:249 - Set database path to: /home/dawid/.stmcufinder/plugins/mcufinder//mcu/
2023-03-12 20:13:19,732 [WARN] DbFile:40 - Overriding database path with different value: /home/dawid/.stmcufinder/plugins/mcufinder/ => /home/dawid/.stmcufinder/plugins/mcufinder
2023-03-12 20:13:19,732 [INFO] DbMcusAds:124 - Set database path to: /home/dawid/.stmcufinder/plugins/mcufinder//mcu/
2023-03-12 20:13:19,733 [WARN] DbFile:40 - Overriding database path with different value: /home/dawid/.stmcufinder/plugins/mcufinder/ => /home/dawid/.stmcufinder/plugins/mcufinder
2023-03-12 20:13:19,733 [WARN] DbFile:40 - Overriding database path with different value: /home/dawid/.stmcufinder/plugins/mcufinder/ => /home/dawid/.stmcufinder/plugins/mcufinder
2023-03-12 20:13:19,733 [INFO] CrossReferenceDbSqlite:201 - Set database path to: /home/dawid/.stmcufinder/plugins/mcufinder//mcu/cs/
2023-03-12 20:13:19,747 [INFO] ApplicationProperties:181 - Using Application install path: /opt/st/stm32cubeide_1.10.1/plugins/com.st.stm32cube.common.mx_6.6.1.202207061420
2023-03-12 20:13:19,749 [INFO] PluginManage:193 - Search for loadable plugins [exclusion list=, ]
2023-03-12 20:13:19,750 [INFO] PluginManage:307 - Check plugin analytics
2023-03-12 20:13:19,863 [INFO] AnalyticsPlugin:262 - Accepted Software Licenses: 
2023-03-12 20:13:19,864 [INFO] AnalyticsPlugin:264 - Accepted CMSIS Pack Licenses: 
2023-03-12 20:13:19,864 [INFO] AnalyticsPlugin:266 - Accepted Firmware Licenses: 
2023-03-12 20:13:19,873 [INFO] PluginManage:356 - Loaded plugin analytics (category:tool,tabindex:-1)
2023-03-12 20:13:19,874 [INFO] PluginManage:307 - Check plugin cadmodel
2023-03-12 20:13:19,877 [INFO] CADModel:65 - Init CAD model plugin
2023-03-12 20:13:19,877 [INFO] PluginManage:356 - Loaded plugin cadmodel (category:power,tabindex:5)
2023-03-12 20:13:19,877 [INFO] PluginManage:307 - Check plugin clock
2023-03-12 20:13:19,885 [INFO] PluginManage:356 - Loaded plugin clock (category:base,tabindex:2)
2023-03-12 20:13:19,886 [INFO] PluginManage:307 - Check plugin ddr
2023-03-12 20:13:19,888 [INFO] PluginManage:356 - Loaded plugin ddr (category:tool,tabindex:6)
2023-03-12 20:13:19,888 [INFO] PluginManage:307 - Check plugin filemanager
2023-03-12 20:13:19,994 [INFO] PluginManage:356 - Loaded plugin filemanager (category:base,tabindex:10)
2023-03-12 20:13:19,994 [INFO] PluginManage:307 - Check plugin ipmanager
2023-03-12 20:13:19,999 [INFO] PluginManage:356 - Loaded plugin ipmanager (category:base,tabindex:5)
2023-03-12 20:13:19,999 [INFO] PluginManage:307 - Check plugin lpbam
2023-03-12 20:13:20,006 [INFO] PluginManage:356 - Loaded plugin lpbam (category:base,tabindex:0)
2023-03-12 20:13:20,006 [INFO] PluginManage:307 - Check plugin pinoutandconfiguration
2023-03-12 20:13:20,012 [INFO] PluginManage:356 - Loaded plugin pinoutandconfiguration (category:base,tabindex:1)
2023-03-12 20:13:20,012 [INFO] PluginManage:307 - Check plugin pinoutconfig
2023-03-12 20:13:20,034 [INFO] PluginManage:356 - Loaded plugin pinoutconfig (category:base,tabindex:0)
2023-03-12 20:13:20,034 [INFO] PluginManage:307 - Check plugin power
2023-03-12 20:13:20,041 [INFO] PluginManage:356 - Loaded plugin power (category:power,tabindex:4)
2023-03-12 20:13:20,041 [INFO] PluginManage:307 - Check plugin projectmanager
2023-03-12 20:13:20,054 [INFO] PluginManage:356 - Loaded plugin projectmanager (category:projectmanager,tabindex:3)
2023-03-12 20:13:20,054 [INFO] PluginManage:307 - Check plugin thirdparty
2023-03-12 20:13:20,156 [WARN] IntegrityCheckThread:82 - waiting for thirdparty lock release [integrity check]
2023-03-12 20:13:20,157 [INFO] PluginManage:356 - Loaded plugin thirdparty (category:base,tabindex:-1)
2023-03-12 20:13:20,157 [INFO] IntegrityCheckThread:84 - entering critical section [integrity check]
2023-03-12 20:13:20,157 [INFO] PluginManage:307 - Check plugin tools
2023-03-12 20:13:20,160 [INFO] PluginManage:356 - Loaded plugin tools (category:base,tabindex:7)
2023-03-12 20:13:20,160 [INFO] PluginManage:307 - Check plugin tutovideos
2023-03-12 20:13:20,161 [INFO] ThirdPartyUpdaterWithRetryManager:70 - Updater plugin not ready yet. [1/15]
2023-03-12 20:13:20,412 [INFO] PluginManage:356 - Loaded plugin tutovideos (category:base,tabindex:-1)
2023-03-12 20:13:20,413 [INFO] PluginManage:307 - Check plugin updater
2023-03-12 20:13:20,423 [INFO] PluginManage:356 - Loaded plugin updater (category:base,tabindex:12)
2023-03-12 20:13:20,424 [INFO] PluginManage:280 - PluginManage : Loaded plugins [15]
2023-03-12 20:13:20,627 [INFO] PinOutPanel:1468 - setPackage(No Configuration,No Configuration)
2023-03-12 20:13:20,682 [INFO] CADModel:98 - CPN selected for project level
2023-03-12 20:13:20,691 [INFO] IPUIPlugin:79 - create IPUIPlugin
2023-03-12 20:13:20,692 [INFO] PluginManager:217 - loadIPPluginJar : add tim
2023-03-12 20:13:20,693 [INFO] IPUIPlugin:79 - create IPUIPlugin
2023-03-12 20:13:20,694 [INFO] PluginManager:217 - loadIPPluginJar : add ucpd
2023-03-12 20:13:20,699 [INFO] IPUIPlugin:79 - create IPUIPlugin
2023-03-12 20:13:20,699 [INFO] PluginManager:217 - loadIPPluginJar : add lorawan
2023-03-12 20:13:20,703 [INFO] IPUIPlugin:79 - create IPUIPlugin
2023-03-12 20:13:20,703 [INFO] PluginManager:217 - loadIPPluginJar : add resmgrutility
2023-03-12 20:13:20,706 [INFO] IPUIPlugin:79 - create IPUIPlugin
2023-03-12 20:13:20,706 [INFO] PluginManager:217 - loadIPPluginJar : add dfsdm
2023-03-12 20:13:20,708 [INFO] IPUIPlugin:79 - create IPUIPlugin
2023-03-12 20:13:20,708 [INFO] PluginManager:217 - loadIPPluginJar : add comp
2023-03-12 20:13:20,710 [INFO] IPUIPlugin:79 - create IPUIPlugin
2023-03-12 20:13:20,710 [INFO] PluginManager:217 - loadIPPluginJar : add gfxmmu
2023-03-12 20:13:20,711 [INFO] IPUIPlugin:79 - create IPUIPlugin
2023-03-12 20:13:20,712 [INFO] PluginManager:217 - loadIPPluginJar : add quadspi
2023-03-12 20:13:20,714 [INFO] IPUIPlugin:79 - create IPUIPlugin
2023-03-12 20:13:20,714 [INFO] PluginManager:217 - loadIPPluginJar : add cryp
2023-03-12 20:13:20,717 [INFO] IPUIPlugin:79 - create IPUIPlugin
2023-03-12 20:13:20,717 [INFO] PluginManager:217 - loadIPPluginJar : add ipddr
2023-03-12 20:13:20,720 [INFO] IPUIPlugin:79 - create IPUIPlugin
2023-03-12 20:13:20,721 [INFO] PluginManager:217 - loadIPPluginJar : add nvic
2023-03-12 20:13:20,723 [INFO] IPUIPlugin:79 - create IPUIPlugin
2023-03-12 20:13:20,724 [INFO] PluginManager:217 - loadIPPluginJar : add i2c
2023-03-12 20:13:20,728 [INFO] IPUIPlugin:79 - create IPUIPlugin
2023-03-12 20:13:20,729 [INFO] PluginManager:217 - loadIPPluginJar : add gic
2023-03-12 20:13:20,730 [INFO] IPUIPlugin:79 - create IPUIPlugin
2023-03-12 20:13:20,731 [INFO] PluginManager:217 - loadIPPluginJar : add tracer_emb
2023-03-12 20:13:20,736 [INFO] IPUIPlugin:79 - create IPUIPlugin
2023-03-12 20:13:20,737 [INFO] PluginManager:217 - loadIPPluginJar : add freertos
2023-03-12 20:13:20,739 [INFO] IPUIPlugin:79 - create IPUIPlugin
2023-03-12 20:13:20,740 [INFO] PluginManager:217 - loadIPPluginJar : add opamp
2023-03-12 20:13:20,742 [INFO] IPUIPlugin:79 - create IPUIPlugin
2023-03-12 20:13:20,742 [INFO] PluginManager:217 - loadIPPluginJar : add pdm2pcm
2023-03-12 20:13:20,744 [INFO] IPUIPlugin:79 - create IPUIPlugin
2023-03-12 20:13:20,744 [INFO] PluginManager:217 - loadIPPluginJar : add tsc
2023-03-12 20:13:20,745 [INFO] IPUIPlugin:79 - create IPUIPlugin
2023-03-12 20:13:20,745 [INFO] PluginManager:217 - loadIPPluginJar : add genericplugin
2023-03-12 20:13:20,747 [INFO] IPUIPlugin:79 - create IPUIPlugin
2023-03-12 20:13:20,747 [INFO] PluginManager:217 - loadIPPluginJar : add can
2023-03-12 20:13:20,748 [INFO] IPUIPlugin:79 - create IPUIPlugin
2023-03-12 20:13:20,748 [INFO] PluginManager:217 - loadIPPluginJar : add fatfs
2023-03-12 20:13:20,750 [INFO] IPUIPlugin:79 - create IPUIPlugin
2023-03-12 20:13:20,750 [INFO] PluginManager:217 - loadIPPluginJar : add hash
2023-03-12 20:13:20,752 [INFO] IPUIPlugin:79 - create IPUIPlugin
2023-03-12 20:13:20,752 [INFO] PluginManager:217 - loadIPPluginJar : add aes
2023-03-12 20:13:20,754 [INFO] IPUIPlugin:79 - create IPUIPlugin
2023-03-12 20:13:20,754 [INFO] PluginManager:217 - loadIPPluginJar : add ts
2023-03-12 20:13:20,756 [INFO] IPUIPlugin:79 - create IPUIPlugin
2023-03-12 20:13:20,756 [INFO] PluginManager:217 - loadIPPluginJar : add touchsensing
2023-03-12 20:13:20,759 [INFO] IPUIPlugin:79 - create IPUIPlugin
2023-03-12 20:13:20,759 [INFO] PluginManager:217 - loadIPPluginJar : add gtzc
2023-03-12 20:13:20,761 [INFO] IPUIPlugin:79 - create IPUIPlugin
2023-03-12 20:13:20,761 [INFO] PluginManager:217 - loadIPPluginJar : add usart
2023-03-12 20:13:20,764 [INFO] IPUIPlugin:79 - create IPUIPlugin
2023-03-12 20:13:20,765 [INFO] PluginManager:217 - loadIPPluginJar : add stm32_wpan
2023-03-12 20:13:20,767 [INFO] IPUIPlugin:79 - create IPUIPlugin
2023-03-12 20:13:20,767 [INFO] PluginManager:217 - loadIPPluginJar : add sai
2023-03-12 20:13:20,770 [INFO] IPUIPlugin:79 - create IPUIPlugin
2023-03-12 20:13:20,770 [INFO] PluginManager:217 - loadIPPluginJar : add gpio
2023-03-12 20:13:20,772 [INFO] IPUIPlugin:79 - create IPUIPlugin
2023-03-12 20:13:20,772 [INFO] PluginManager:217 - loadIPPluginJar : add openamp
2023-03-12 20:13:20,778 [INFO] IPUIPlugin:79 - create IPUIPlugin
2023-03-12 20:13:20,779 [INFO] PluginManager:217 - loadIPPluginJar : add linkedlist
2023-03-12 20:13:20,780 [INFO] IPUIPlugin:79 - create IPUIPlugin
2023-03-12 20:13:20,780 [INFO] PluginManager:217 - loadIPPluginJar : add ltdc
2023-03-12 20:13:20,781 [INFO] IPUIPlugin:79 - create IPUIPlugin
2023-03-12 20:13:20,781 [INFO] PluginManager:217 - loadIPPluginJar : add dma3
2023-03-12 20:13:20,785 [INFO] IPUIPlugin:79 - create IPUIPlugin
2023-03-12 20:13:20,786 [INFO] PluginManager:217 - loadIPPluginJar : add mdma
2023-03-12 20:13:20,787 [INFO] IPUIPlugin:79 - create IPUIPlugin
2023-03-12 20:13:20,787 [INFO] PluginManager:217 - loadIPPluginJar : add spi
2023-03-12 20:13:20,789 [INFO] IPUIPlugin:79 - create IPUIPlugin
2023-03-12 20:13:20,790 [INFO] PluginManager:217 - loadIPPluginJar : add usbx
2023-03-12 20:13:20,795 [INFO] IPUIPlugin:79 - create IPUIPlugin
2023-03-12 20:13:20,795 [INFO] PluginManager:217 - loadIPPluginJar : add adc
2023-03-12 20:13:20,797 [INFO] IPUIPlugin:79 - create IPUIPlugin
2023-03-12 20:13:20,797 [INFO] PluginManager:217 - loadIPPluginJar : add i2s
2023-03-12 20:13:20,801 [INFO] IPUIPlugin:79 - create IPUIPlugin
2023-03-12 20:13:20,802 [INFO] PluginManager:217 - loadIPPluginJar : add dma
2023-03-12 20:13:20,805 [INFO] IPUIPlugin:79 - create IPUIPlugin
2023-03-12 20:13:20,805 [INFO] PluginManager:217 - loadIPPluginJar : add fmc
2023-03-12 20:13:20,810 [INFO] IPUIPlugin:79 - create IPUIPlugin
2023-03-12 20:13:20,813 [INFO] PluginManager:217 - loadIPPluginJar : add plateformsettings
2023-03-12 20:13:21,032 [FATAL] Updater:301 - Updater called before beeing initialized
2023-03-12 20:13:21,125 [FATAL] Updater:301 - Updater called before beeing initialized
2023-03-12 20:13:21,134 [INFO] DbMcusAds:52 - JSON generation date=Tue Mar 07 09:50:55 CET 2023 (1678179055335)
2023-03-12 20:13:21,134 [FATAL] Updater:301 - Updater called before beeing initialized
2023-03-12 20:13:21,182 [WARN] DetailPanel:344 - Failed to get advertising image, set to default
2023-03-12 20:13:21,316 [FATAL] Updater:301 - Updater called before beeing initialized
2023-03-12 20:13:21,318 [FATAL] Updater:301 - Updater called before beeing initialized
2023-03-12 20:13:21,318 [FATAL] Updater:301 - Updater called before beeing initialized
2023-03-12 20:13:21,318 [WARN] DetailPanel:344 - Failed to get advertising image, set to default
2023-03-12 20:13:21,319 [FATAL] Updater:301 - Updater called before beeing initialized
2023-03-12 20:13:21,347 [ERROR] Updater:1105 - MainUpdater not yet initialized. External WinMGr cannot be set.
2023-03-12 20:13:21,348 [INFO] Updater:1041 - Updater Version found : 6.6.1
2023-03-12 20:13:21,362 [INFO] ApplicationProperties:181 - Using Application install path: /opt/st/stm32cubeide_1.10.1/plugins/com.st.stm32cube.common.mx_6.6.1.202207061420
2023-03-12 20:13:21,776 [INFO] MainUpdater:2768 - connection check result : 10
2023-03-12 20:13:21,778 [INFO] MainUpdater:280 - Updater Check For Update Now.
2023-03-12 20:13:21,779 [INFO] MicroXplorer:481 - Change Database Version : DB.6.0.60
2023-03-12 20:13:22,044 [INFO] CheckServerUpdateThread:119 - End of CheckServer Thread
2023-03-12 20:13:22,196 [INFO] MainUpdater:2768 - connection check result : 10
2023-03-12 20:13:22,248 [INFO] McuFinderGlobals:57 - Set McuFinderConnectedMode to true
2023-03-12 20:13:22,492 [INFO] ServerAccessManage:474 - Download File mcusAds.json._tmp_
2023-03-12 20:13:22,599 [INFO] LoadUrlFilesThread:150 - End of LoadUrlFiles Thread
2023-03-12 20:13:22,740 [INFO] ServerAccessManage:474 - Download File cube-finder-db.zip
2023-03-12 20:13:23,162 [WARN] MainUpdater:1184 - Updater busy. Cannot search thirdparties
2023-03-12 20:13:23,162 [INFO] ThirdPartyUpdaterWithRetryManager:96 - Updater plugin is busy. [1/15]
2023-03-12 20:13:26,163 [WARN] MainUpdater:1184 - Updater busy. Cannot search thirdparties
2023-03-12 20:13:26,163 [INFO] ThirdPartyUpdaterWithRetryManager:96 - Updater plugin is busy. [2/15]
2023-03-12 20:13:29,163 [WARN] MainUpdater:1184 - Updater busy. Cannot search thirdparties
2023-03-12 20:13:29,163 [INFO] ThirdPartyUpdaterWithRetryManager:96 - Updater plugin is busy. [3/15]
2023-03-12 20:13:32,163 [WARN] MainUpdater:1184 - Updater busy. Cannot search thirdparties
2023-03-12 20:13:32,163 [INFO] ThirdPartyUpdaterWithRetryManager:96 - Updater plugin is busy. [4/15]
2023-03-12 20:13:33,465 [ERROR] LogOutputStream:74 - [STDERR_REDIRECT] SLF4J: Failed to load class "org.slf4j.impl.StaticLoggerBinder".
2023-03-12 20:13:33,466 [ERROR] LogOutputStream:74 - [STDERR_REDIRECT] SLF4J: Defaulting to no-operation (NOP) logger implementation
2023-03-12 20:13:33,466 [ERROR] LogOutputStream:74 - [STDERR_REDIRECT] SLF4J: See http://www.slf4j.org/codes.html#StaticLoggerBinder for further details.
2023-03-12 20:13:35,164 [WARN] MainUpdater:1184 - Updater busy. Cannot search thirdparties
2023-03-12 20:13:35,164 [INFO] ThirdPartyUpdaterWithRetryManager:96 - Updater plugin is busy. [5/15]
2023-03-12 20:13:38,164 [WARN] MainUpdater:1184 - Updater busy. Cannot search thirdparties
2023-03-12 20:13:38,164 [INFO] ThirdPartyUpdaterWithRetryManager:96 - Updater plugin is busy. [6/15]
2023-03-12 20:13:40,278 [INFO] FileExtend:239 - Unzip File : cube-finder-db.zip
2023-03-12 20:13:40,278 [INFO] FileExtend:254 - Standard Zip Deflate
2023-03-12 20:13:40,959 [INFO] LoadUrlFilesThread:150 - End of LoadUrlFiles Thread
2023-03-12 20:13:41,165 [WARN] MainUpdater:1184 - Updater busy. Cannot search thirdparties
2023-03-12 20:13:41,165 [INFO] ThirdPartyUpdaterWithRetryManager:96 - Updater plugin is busy. [7/15]
2023-03-12 20:13:41,497 [INFO] ServerAccessManage:474 - Download File crdb.zip
2023-03-12 20:13:42,320 [INFO] FileExtend:239 - Unzip File : crdb.zip
2023-03-12 20:13:42,321 [INFO] FileExtend:254 - Standard Zip Deflate
2023-03-12 20:13:42,445 [INFO] LoadUrlFilesThread:150 - End of LoadUrlFiles Thread
2023-03-12 20:13:43,360 [INFO] ServerAccessManage:474 - Download File tutoVideoDB.zip
2023-03-12 20:13:43,581 [INFO] FileExtend:239 - Unzip File : tutoVideoDB.zip
2023-03-12 20:13:43,582 [INFO] FileExtend:254 - Standard Zip Deflate
2023-03-12 20:13:43,693 [INFO] LoadUrlFilesThread:150 - End of LoadUrlFiles Thread
2023-03-12 20:13:43,706 [INFO] JxBrowserEngine:106 - Initiate JxBrowser Engine with user profile folder
2023-03-12 20:13:44,283 [WARN] PackLoader:242 - Cannot read IP mode file for STMicroelectronics.X-CUBE-GNSS1.6.0.0
2023-03-12 20:13:44,336 [WARN] PackLoader:242 - Cannot read IP mode file for STMicroelectronics.X-CUBE-AZRTOS-F4.1.1.0
2023-03-12 20:13:44,387 [WARN] PackLoader:242 - Cannot read IP mode file for STMicroelectronics.X-CUBE-AZRTOS-F7.1.1.0
2023-03-12 20:13:44,400 [WARN] PackLoader:242 - Cannot read IP mode file for STMicroelectronics.X-CUBE-BLE1.6.2.4
2023-03-12 20:13:44,412 [WARN] PackLoader:242 - Cannot read IP mode file for emotas.I-CUBE-CANOPEN.1.1.3
2023-03-12 20:13:44,426 [WARN] PackLoader:242 - Cannot read IP mode file for STMicroelectronics.X-CUBE-BLEMGR.2.0.0
2023-03-12 20:13:44,439 [WARN] PackLoader:242 - Cannot read IP mode file for STMicroelectronics.X-CUBE-DISPLAY.3.0.0
2023-03-12 20:13:44,453 [WARN] PackLoader:242 - Cannot read IP mode file for wolfSSL.I-CUBE-wolfSSL.5.5.4
2023-03-12 20:13:44,459 [WARN] PackLoader:242 - Cannot read IP mode file for STMicroelectronics.X-CUBE-NFC7.1.0.0
2023-03-12 20:13:44,470 [WARN] PackLoader:242 - Cannot read IP mode file for STMicroelectronics.X-CUBE-EEPRMA1.4.1.0
2023-03-12 20:13:44,482 [WARN] PackLoader:242 - Cannot read IP mode file for WES.I-CUBE-Cesium.1.3.0
2023-03-12 20:13:44,492 [WARN] PackLoader:242 - Cannot read IP mode file for STMicroelectronics.X-CUBE-SFXS2LP1.4.0.0
2023-03-12 20:13:44,499 [WARN] PackLoader:242 - Cannot read IP mode file for STMicroelectronics.X-CUBE-BLE2.3.3.0
2023-03-12 20:13:44,517 [WARN] PackLoader:242 - Cannot read IP mode file for STMicroelectronics.X-CUBE-TOF1.3.2.0
2023-03-12 20:13:44,565 [WARN] PackLoader:242 - Cannot read IP mode file for STMicroelectronics.X-CUBE-AZRTOS-H7.3.0.0
2023-03-12 20:13:44,575 [WARN] PackLoader:242 - Cannot read IP mode file for STMicroelectronics.X-CUBE-ISPU.1.1.0
2023-03-12 20:13:44,584 [WARN] PackLoader:242 - Cannot read IP mode file for RoweBots.I-CUBE-UNISONRTOS.5.5.0-4
2023-03-12 20:13:44,588 [WARN] PackLoader:242 - Cannot read IP mode file for STMicroelectronics.X-CUBE-AI.8.0.0
2023-03-12 20:13:44,594 [WARN] PackLoader:242 - Cannot read IP mode file for STMicroelectronics.X-CUBE-FREERTOS.1.0.0
2023-03-12 20:13:44,598 [WARN] PackLoader:242 - Cannot read IP mode file for STMicroelectronics.X-CUBE-TOUCHGFX.4.21.1
2023-03-12 20:13:44,606 [WARN] PackLoader:242 - Cannot read IP mode file for STMicroelectronics.X-CUBE-ALGOBUILD.1.3.0
2023-03-12 20:13:44,621 [WARN] PackLoader:242 - Cannot read IP mode file for STMicroelectronics.X-CUBE-AZRTOS-L5.1.1.0
2023-03-12 20:13:44,642 [WARN] PackLoader:242 - Cannot read IP mode file for STMicroelectronics.X-CUBE-AZRTOS-G0.1.1.0
2023-03-12 20:13:44,656 [WARN] PackLoader:242 - Cannot read IP mode file for STMicroelectronics.X-CUBE-SUBG2.5.0.0
2023-03-12 20:13:44,668 [WARN] PackLoader:242 - Cannot read IP mode file for STMicroelectronics.X-CUBE-NFC4.3.0.0
2023-03-12 20:13:44,673 [WARN] PackLoader:242 - Cannot read IP mode file for STMicroelectronics.FP-ATR-ASTRA1.1.1.1
2023-03-12 20:13:44,675 [WARN] DbFile:40 - Overriding database path with different value: /home/dawid/.stmcufinder/plugins/mcufinder/ => /home/dawid/.stmcufinder/plugins/mcufinder
2023-03-12 20:13:44,692 [WARN] PackLoader:242 - Cannot read IP mode file for STMicroelectronics.X-CUBE-AZRTOS-G4.1.0.0
2023-03-12 20:13:44,698 [WARN] PackLoader:242 - Cannot read IP mode file for STMicroelectronics.FP-ATR-SIGFOX1.3.2.0
2023-03-12 20:13:44,720 [WARN] PackLoader:242 - Cannot read IP mode file for STMicroelectronics.X-CUBE-AZRTOS-L4.1.0.0
2023-03-12 20:13:44,735 [WARN] PackLoader:242 - Cannot read IP mode file for STMicroelectronics.X-CUBE-AZRTOS-WL.1.0.0
2023-03-12 20:13:44,742 [WARN] PackLoader:242 - Cannot read IP mode file for portGmbH.I-Cube-SoM-uGOAL.1.1.0
2023-03-12 20:13:44,746 [WARN] PackLoader:242 - Cannot read IP mode file for STMicroelectronics.X-CUBE-ALS.1.0.1
2023-03-12 20:13:44,804 [WARN] PackLoader:242 - Cannot read IP mode file for STMicroelectronics.X-CUBE-MEMS1.9.5.0
2023-03-12 20:13:44,863 [INFO] ServerAccessManage:474 - Download File api_config.json
2023-03-12 20:13:44,967 [INFO] LoadUrlFilesThread:150 - End of LoadUrlFiles Thread
2023-03-12 20:13:44,968 [INFO] DbMcusAds:52 - JSON generation date=Tue Mar 07 09:50:55 CET 2023 (1678179055335)
2023-03-12 20:13:44,978 [WARN] PackLoader:242 - Cannot read IP mode file for STMicroelectronics.X-CUBE-AZRTOS-WB.1.1.0
2023-03-12 20:13:44,993 [INFO] LoadUrlFilesThread:177 - End of LoadServerUrlFiles without Thread
2023-03-12 20:13:44,993 [INFO] TargetSelectorAdapter:228 - Refresh data is successful
2023-03-12 20:13:45,020 [WARN] PackLoader:242 - Cannot read IP mode file for SEGGER.I-CUBE-embOS.1.3.1
2023-03-12 20:13:45,075 [INFO] ThirdParty:929 - Integrity check success = true
2023-03-12 20:13:45,075 [INFO] IntegrityCheckThread:98 - exiting critical section [integrity check]
2023-03-12 20:13:45,075 [INFO] IntegrityCheckThread:101 - End integrity checks thread
2023-03-12 20:13:45,085 [INFO] ApiDb:576 - Connected to CubeFinder SQLite database (/home/dawid/.stmcufinder/plugins/mcufinder/mcu/cube-finder-db.db)
2023-03-12 20:13:45,127 [INFO] ApiDb:663 - CubeFinder database Data Model version=2.1
2023-03-12 20:13:45,127 [INFO] ApiDb:664 - CubeFinder database Configuration version=3.0.35
2023-03-12 20:13:45,127 [INFO] ApiDb:665 - CubeFinder database generation date=2023-02-21 (1676964986)
2023-03-12 20:13:45,127 [INFO] ApiDb:666 - CubeFinder database FW Pack versions=[FP-ATR-ASTRA1_V1.1.1, STM32Cube_FW_C0_V1.0.1, STM32Cube_FW_F0_V1.11.4, STM32Cube_FW_F3_V1.11.4, STM32Cube_FW_F4_V1.27.1, STM32Cube_FW_F7_V1.17.0, STM32Cube_FW_G0_V1.6.1, STM32Cube_FW_G4_V1.5.1, STM32Cube_FW_H5_V0.5.1, STM32Cube_FW_H5_V1.0.0, STM32Cube_FW_H7_V1.11.0, STM32Cube_FW_L0_V1.12.2, STM32Cube_FW_L5_V1.5.0, STM32Cube_FW_U5_V1.2.0, STM32Cube_FW_WBA_V1.0.0, STM32Cube_FW_WBA_V1.0.0RC1, STM32Cube_FW_WBA_V1.0.0RC3, STM32Cube_FW_WB_V1.15.0RC1, STM32Cube_FW_WB_V1.16.0, STM32Cube_FW_WB_V1.16.0RC2, STM32Cube_FW_WL_V1.3.0, X-CUBE-ALGOBUILD_V1.3.0, X-CUBE-ALS_V1.0.1, X-CUBE-AZRTOS-F4_V1.1.0, X-CUBE-AZRTOS-F7_V1.1.0, X-CUBE-AZRTOS-G0_V1.1.0, X-CUBE-AZRTOS-G4_V1.0.0, X-CUBE-AZRTOS-H7_V3.0.0, X-CUBE-AZRTOS-L4_V1.0.0, X-CUBE-AZRTOS-L5_V1.1.0, X-CUBE-AZRTOS-WB_V1.1.0, X-CUBE-AZRTOS-WL_V1.0.0, X-CUBE-BLE1_V6.2.4, X-CUBE-BLE2_V3.3.0, X-CUBE-BLEMGR_V1.3.0, X-CUBE-EEPRMA1_V4.1.0, X-CUBE-GNSS1_V6.0.0, X-CUBE-MEMS1_V9.1.0, X-CUBE-MEMS1_V9.4.0, X-CUBE-MEMS1_V9.5.0, X-CUBE-NFC4_V3.0.0, X-CUBE-NFC7_V1.0.0, X-CUBE-SFXS2LP1_V4.0.0, X-CUBE-SUBG2_V5.0.0]
2023-03-12 20:13:46,878 [INFO] ApiDb:239 - Found 138 in-development CPN: [B-WB1M-WPAN1, NUCLEO-C031C6, STEVAL-STWINBX1, STM320518-EVAL, STM32C0116-DK, STM32C011D6Y3TR, STM32C011D6Y6TR, STM32C011F4P3, STM32C011F4P6, STM32C011F4U3, STM32C011F4U6TR, STM32C011F6P3, STM32C011F6P6, STM32C011F6U3, STM32C011F6U6TR, STM32C011J4M3, STM32C011J4M6, STM32C011J6M3, STM32C011J6M6, STM32C0316-DK, STM32C031C4T3, STM32C031C4T6, STM32C031C4U3, STM32C031C4U6, STM32C031C6T3, STM32C031C6T6, STM32C031C6U3, STM32C031C6U6, STM32C031F4P3, STM32C031F4P6, STM32C031F6P3, STM32C031F6P6, STM32C031G4U3, STM32C031G4U6, STM32C031G6U3, STM32C031G6U6, STM32C031K4T3, STM32C031K4T6, STM32C031K4U3, STM32C031K4U6, STM32C031K6T3, STM32C031K6T6, STM32C031K6U3, STM32C031K6U6, STM32G071K8TXN, STM32G071K8UXN, STM32G081GBU6N, STM32G081KBT6N, STM32G081KBUXN, STM32G0B1CCT6N, STM32G0B1KCT6, STM32G0B1NEY6TR, STM32G0B1RCT6N, STM32G0C1CCT6, STM32G0C1CCT6N, STM32G0C1CCU6N, STM32G0C1CET6N, STM32G0C1CEU6N, STM32G0C1KCT6, STM32G0C1NEY6TR, STM32G0C1RCI6N, STM32G0C1RCT6N, STM32G0C1REI6N, STM32G0C1RET6N, STM32G0C1VCI6, STM32G0C1VEI6, STM32G471CCT6, STM32G471CCU6, STM32G471CET3, STM32G471CET6, STM32G471CEU3, STM32G471CEU6, STM32G471MCT6, STM32G471MET3, STM32G471MET6, STM32G471MEY6TR, STM32G471QCT6, STM32G471QET3, STM32G471RCT6, STM32G471RET3, STM32G471RET6, STM32G471VCH6, STM32G471VCI6, STM32G471VCT6, STM32G471VEH3, STM32G471VEH6, STM32G471VEI3, STM32G471VEI6, STM32G471VET3, STM32G471VET6, STM32G474CCT6, STM32L476VGY6PTR, STM32L4R5QGI6STR, STM32MP131AAE3, STM32MP131AAF3, STM32MP131AAG3, STM32MP131CAE3, STM32MP131CAF3, STM32MP131CAG3, STM32MP131DAE7, STM32MP131DAF7, STM32MP131DAG7, STM32MP131FAE7, STM32MP131FAF7, STM32MP131FAG7, STM32MP133AAE3, STM32MP133AAF3, STM32MP133AAG3, STM32MP133CAE3, STM32MP133CAF3, STM32MP133CAG3, STM32MP133DAE7, STM32MP133DAF7, STM32MP133DAG7, STM32MP133FAE7, STM32MP133FAF7, STM32MP133FAG7, STM32MP135AAE3, STM32MP135AAF3, STM32MP135AAG3, STM32MP135CAE3, STM32MP135CAF3, STM32MP135CAG3, STM32MP135DAE7, STM32MP135DAF7, STM32MP135DAG7, STM32MP135F-DK, STM32MP135FAE7, STM32MP135FAF7, STM32MP135FAG7, STM32U595ZJT6Q, STM32U599BJY6QTR, STM32U599NIH6Q, STM32U599NJH6Q, STM32U5A5ZJT6Q, STM32U5A9BJY6QTR, STM32U5A9NJH6Q, STM32WB1MMCH6]
2023-03-12 20:13:46,884 [INFO] DbMcus:215 - Found 3624 MCUs, 3624 are supported
2023-03-12 20:13:46,886 [INFO] ApiDb:418 - Load user favorites file /home/dawid/.stm32cubeide/favorites.mcus.txt: 0 item(s)
2023-03-12 20:13:46,886 [INFO] ApiDb:422 - User favorites MCUs=[]
2023-03-12 20:13:46,886 [INFO] DbMcus:221 - Set 0 / 0 favorites MCUs
2023-03-12 20:13:46,889 [INFO] ApiDb:663 - CubeFinder database Data Model version=2.1
2023-03-12 20:13:46,889 [INFO] ApiDb:664 - CubeFinder database Configuration version=3.0.35
2023-03-12 20:13:46,890 [INFO] ApiDb:665 - CubeFinder database generation date=2023-02-21 (1676964986)
2023-03-12 20:13:46,890 [INFO] ApiDb:666 - CubeFinder database FW Pack versions=[FP-ATR-ASTRA1_V1.1.1, STM32Cube_FW_C0_V1.0.1, STM32Cube_FW_F0_V1.11.4, STM32Cube_FW_F3_V1.11.4, STM32Cube_FW_F4_V1.27.1, STM32Cube_FW_F7_V1.17.0, STM32Cube_FW_G0_V1.6.1, STM32Cube_FW_G4_V1.5.1, STM32Cube_FW_H5_V0.5.1, STM32Cube_FW_H5_V1.0.0, STM32Cube_FW_H7_V1.11.0, STM32Cube_FW_L0_V1.12.2, STM32Cube_FW_L5_V1.5.0, STM32Cube_FW_U5_V1.2.0, STM32Cube_FW_WBA_V1.0.0, STM32Cube_FW_WBA_V1.0.0RC1, STM32Cube_FW_WBA_V1.0.0RC3, STM32Cube_FW_WB_V1.15.0RC1, STM32Cube_FW_WB_V1.16.0, STM32Cube_FW_WB_V1.16.0RC2, STM32Cube_FW_WL_V1.3.0, X-CUBE-ALGOBUILD_V1.3.0, X-CUBE-ALS_V1.0.1, X-CUBE-AZRTOS-F4_V1.1.0, X-CUBE-AZRTOS-F7_V1.1.0, X-CUBE-AZRTOS-G0_V1.1.0, X-CUBE-AZRTOS-G4_V1.0.0, X-CUBE-AZRTOS-H7_V3.0.0, X-CUBE-AZRTOS-L4_V1.0.0, X-CUBE-AZRTOS-L5_V1.1.0, X-CUBE-AZRTOS-WB_V1.1.0, X-CUBE-AZRTOS-WL_V1.0.0, X-CUBE-BLE1_V6.2.4, X-CUBE-BLE2_V3.3.0, X-CUBE-BLEMGR_V1.3.0, X-CUBE-EEPRMA1_V4.1.0, X-CUBE-GNSS1_V6.0.0, X-CUBE-MEMS1_V9.1.0, X-CUBE-MEMS1_V9.4.0, X-CUBE-MEMS1_V9.5.0, X-CUBE-NFC4_V3.0.0, X-CUBE-NFC7_V1.0.0, X-CUBE-SFXS2LP1_V4.0.0, X-CUBE-SUBG2_V5.0.0]
2023-03-12 20:13:46,931 [INFO] DbBoardsSqlite:227 - include board P-NUCLEO-WB55-NUCLEO as a kit item of type 'Nucleo-64'
2023-03-12 20:13:46,932 [INFO] DbBoardsSqlite:227 - include board P-NUCLEO-WB55-USBDONGLE as a kit item of type 'Nucleo USB Dongle'
2023-03-12 20:13:46,932 [INFO] DbBoardsSqlite:227 - include board STEVAL-IDP005V1 as a kit item of type 'Evaluation Board'
2023-03-12 20:13:46,932 [INFO] DbBoardsSqlite:227 - include board STEVAL-IDP005V2 as a kit item of type 'Evaluation Board'
2023-03-12 20:13:46,955 [INFO] ApiDb:239 - Found 138 in-development CPN: [B-WB1M-WPAN1, NUCLEO-C031C6, STEVAL-STWINBX1, STM320518-EVAL, STM32C0116-DK, STM32C011D6Y3TR, STM32C011D6Y6TR, STM32C011F4P3, STM32C011F4P6, STM32C011F4U3, STM32C011F4U6TR, STM32C011F6P3, STM32C011F6P6, STM32C011F6U3, STM32C011F6U6TR, STM32C011J4M3, STM32C011J4M6, STM32C011J6M3, STM32C011J6M6, STM32C0316-DK, STM32C031C4T3, STM32C031C4T6, STM32C031C4U3, STM32C031C4U6, STM32C031C6T3, STM32C031C6T6, STM32C031C6U3, STM32C031C6U6, STM32C031F4P3, STM32C031F4P6, STM32C031F6P3, STM32C031F6P6, STM32C031G4U3, STM32C031G4U6, STM32C031G6U3, STM32C031G6U6, STM32C031K4T3, STM32C031K4T6, STM32C031K4U3, STM32C031K4U6, STM32C031K6T3, STM32C031K6T6, STM32C031K6U3, STM32C031K6U6, STM32G071K8TXN, STM32G071K8UXN, STM32G081GBU6N, STM32G081KBT6N, STM32G081KBUXN, STM32G0B1CCT6N, STM32G0B1KCT6, STM32G0B1NEY6TR, STM32G0B1RCT6N, STM32G0C1CCT6, STM32G0C1CCT6N, STM32G0C1CCU6N, STM32G0C1CET6N, STM32G0C1CEU6N, STM32G0C1KCT6, STM32G0C1NEY6TR, STM32G0C1RCI6N, STM32G0C1RCT6N, STM32G0C1REI6N, STM32G0C1RET6N, STM32G0C1VCI6, STM32G0C1VEI6, STM32G471CCT6, STM32G471CCU6, STM32G471CET3, STM32G471CET6, STM32G471CEU3, STM32G471CEU6, STM32G471MCT6, STM32G471MET3, STM32G471MET6, STM32G471MEY6TR, STM32G471QCT6, STM32G471QET3, STM32G471RCT6, STM32G471RET3, STM32G471RET6, STM32G471VCH6, STM32G471VCI6, STM32G471VCT6, STM32G471VEH3, STM32G471VEH6, STM32G471VEI3, STM32G471VEI6, STM32G471VET3, STM32G471VET6, STM32G474CCT6, STM32L476VGY6PTR, STM32L4R5QGI6STR, STM32MP131AAE3, STM32MP131AAF3, STM32MP131AAG3, STM32MP131CAE3, STM32MP131CAF3, STM32MP131CAG3, STM32MP131DAE7, STM32MP131DAF7, STM32MP131DAG7, STM32MP131FAE7, STM32MP131FAF7, STM32MP131FAG7, STM32MP133AAE3, STM32MP133AAF3, STM32MP133AAG3, STM32MP133CAE3, STM32MP133CAF3, STM32MP133CAG3, STM32MP133DAE7, STM32MP133DAF7, STM32MP133DAG7, STM32MP133FAE7, STM32MP133FAF7, STM32MP133FAG7, STM32MP135AAE3, STM32MP135AAF3, STM32MP135AAG3, STM32MP135CAE3, STM32MP135CAF3, STM32MP135CAG3, STM32MP135DAE7, STM32MP135DAF7, STM32MP135DAG7, STM32MP135F-DK, STM32MP135FAE7, STM32MP135FAF7, STM32MP135FAG7, STM32U595ZJT6Q, STM32U599BJY6QTR, STM32U599NIH6Q, STM32U599NJH6Q, STM32U5A5ZJT6Q, STM32U5A9BJY6QTR, STM32U5A9NJH6Q, STM32WB1MMCH6]
2023-03-12 20:13:47,042 [INFO] BoardInfo:879 - No configuration file found for board P-NUCLEO-WB55
2023-03-12 20:13:47,043 [INFO] DbBoards:156 - Kit is not supported: P-NUCLEO-WB55
2023-03-12 20:13:47,048 [INFO] BoardInfo:879 - No configuration file found for board STEVAL-BFA001V1B
2023-03-12 20:13:47,048 [INFO] DbBoards:156 - Kit is not supported: STEVAL-BFA001V1B
2023-03-12 20:13:47,049 [INFO] BoardInfo:879 - No configuration file found for board STEVAL-BFA001V2B
2023-03-12 20:13:47,049 [INFO] DbBoards:156 - Kit is not supported: STEVAL-BFA001V2B
2023-03-12 20:13:47,054 [INFO] BoardInfo:879 - No configuration file found for board STEVAL-PROTEUS1
2023-03-12 20:13:47,054 [INFO] DbBoards:156 - Board is not supported: STEVAL-PROTEUS1
2023-03-12 20:13:47,122 [INFO] DbBoards:160 - Found 178 boards, 174 are supported
2023-03-12 20:13:47,128 [INFO] ApiDb:418 - Load user favorites file /home/dawid/.stm32cubeide/favorites.boards.txt: 0 item(s)
2023-03-12 20:13:47,128 [INFO] ApiDb:422 - User favorites Boards=[]
2023-03-12 20:13:47,128 [INFO] DbBoards:189 - Set 0 / 0 favorites Boards
2023-03-12 20:13:47,131 [INFO] ApiDb:663 - CubeFinder database Data Model version=2.1
2023-03-12 20:13:47,131 [INFO] ApiDb:664 - CubeFinder database Configuration version=3.0.35
2023-03-12 20:13:47,131 [INFO] ApiDb:665 - CubeFinder database generation date=2023-02-21 (1676964986)
2023-03-12 20:13:47,131 [INFO] ApiDb:666 - CubeFinder database FW Pack versions=[FP-ATR-ASTRA1_V1.1.1, STM32Cube_FW_C0_V1.0.1, STM32Cube_FW_F0_V1.11.4, STM32Cube_FW_F3_V1.11.4, STM32Cube_FW_F4_V1.27.1, STM32Cube_FW_F7_V1.17.0, STM32Cube_FW_G0_V1.6.1, STM32Cube_FW_G4_V1.5.1, STM32Cube_FW_H5_V0.5.1, STM32Cube_FW_H5_V1.0.0, STM32Cube_FW_H7_V1.11.0, STM32Cube_FW_L0_V1.12.2, STM32Cube_FW_L5_V1.5.0, STM32Cube_FW_U5_V1.2.0, STM32Cube_FW_WBA_V1.0.0, STM32Cube_FW_WBA_V1.0.0RC1, STM32Cube_FW_WBA_V1.0.0RC3, STM32Cube_FW_WB_V1.15.0RC1, STM32Cube_FW_WB_V1.16.0, STM32Cube_FW_WB_V1.16.0RC2, STM32Cube_FW_WL_V1.3.0, X-CUBE-ALGOBUILD_V1.3.0, X-CUBE-ALS_V1.0.1, X-CUBE-AZRTOS-F4_V1.1.0, X-CUBE-AZRTOS-F7_V1.1.0, X-CUBE-AZRTOS-G0_V1.1.0, X-CUBE-AZRTOS-G4_V1.0.0, X-CUBE-AZRTOS-H7_V3.0.0, X-CUBE-AZRTOS-L4_V1.0.0, X-CUBE-AZRTOS-L5_V1.1.0, X-CUBE-AZRTOS-WB_V1.1.0, X-CUBE-AZRTOS-WL_V1.0.0, X-CUBE-BLE1_V6.2.4, X-CUBE-BLE2_V3.3.0, X-CUBE-BLEMGR_V1.3.0, X-CUBE-EEPRMA1_V4.1.0, X-CUBE-GNSS1_V6.0.0, X-CUBE-MEMS1_V9.1.0, X-CUBE-MEMS1_V9.4.0, X-CUBE-MEMS1_V9.5.0, X-CUBE-NFC4_V3.0.0, X-CUBE-NFC7_V1.0.0, X-CUBE-SFXS2LP1_V4.0.0, X-CUBE-SUBG2_V5.0.0]
2023-03-12 20:13:47,826 [INFO] DbExamplesSqlite:374 - Ignored 46 examples not supported by CubeIDE
2023-03-12 20:13:47,826 [INFO] DbExamplesSqlite:375 - Found 7328 examples active
2023-03-12 20:13:47,826 [INFO] DbExamplesSqlite:376 - Found 1095 examples obsolete
2023-03-12 20:13:47,826 [INFO] DbExamplesSqlite:377 - Found 0 examples under development
2023-03-12 20:13:47,826 [INFO] DbExamplesSqlite:378 - Found 77 examples not building
2023-03-12 20:13:47,827 [INFO] DbExamples:124 - Found 7359 examples
2023-03-12 20:13:48,055 [ERROR] DbExamples:207 - Found 512 examples with invalid data (board or MCU)
2023-03-12 20:13:48,056 [INFO] DbExamples:221 - Found 84 boards with related examples
2023-03-12 20:13:48,057 [INFO] DbExamples:234 - Found 72 MCUs with related examples
2023-03-12 20:13:48,083 [INFO] ApiDb:418 - Load user favorites file /home/dawid/.stm32cubeide/favorites.examples.txt: 0 item(s)
2023-03-12 20:13:48,083 [INFO] ApiDb:422 - User favorites Examples=[]
2023-03-12 20:13:48,083 [INFO] DbExamples:249 - Set 0 / 0 favorites Examples
2023-03-12 20:13:48,239 [INFO] McuFinderGlobals:57 - Set McuFinderConnectedMode to true
2023-03-12 20:13:48,246 [INFO] MultiScanPanel:195 - Auto-refresh data requested => check proxy status ongoing
2023-03-12 20:13:48,249 [INFO] FinderPluginLoader:92 - Searching for filters in installed packs
2023-03-12 20:13:49,774 [INFO] LoadUrlFilesThread:177 - End of LoadServerUrlFiles without Thread
2023-03-12 20:13:49,787 [INFO] DetailPanel:339 - Set advertising image to /home/dawid/STM32Cube/Repository//en.prom-stm32h5-mcu-finder.jpg
2023-03-12 20:14:40,038 [INFO] MainUpdater:2768 - connection check result : 10
2023-03-12 20:14:40,039 [INFO] MainUpdater:2768 - connection check result : 10
2023-03-12 20:14:40,050 [INFO] MicroXplorer:451 - Change Database Path : 
2023-03-12 20:14:40,050 [INFO] MicroXplorer:481 - Change Database Version : DB.6.0.60
2023-03-12 20:14:40,050 [WARN] ThirdParty:827 - waiting for thirdparty lock release [close project]
2023-03-12 20:14:40,051 [INFO] ThirdParty:829 - entering critical section [close project]
2023-03-12 20:14:40,051 [INFO] ThirdParty:839 - exiting critical section [close project]
2023-03-12 20:14:40,054 [INFO] PinOutPanel:1468 - setPackage(No Configuration,No Configuration)
2023-03-12 20:14:40,058 [INFO] UtilMem:74 - Begin LoadConfig() Used Memory: 378205256 Bytes (467664896)
2023-03-12 20:14:40,059 [INFO] MicroXplorer:451 - Change Database Path : 
2023-03-12 20:14:40,059 [INFO] MicroXplorer:481 - Change Database Version : DB.6.0.60
2023-03-12 20:14:40,059 [INFO] OpenFileManager:307 - Change cursor
2023-03-12 20:14:40,095 [INFO] Mcu:1922 - Initializing MCU STM32F411CEUx STM32F411CEUx 
2023-03-12 20:14:40,095 [INFO] Mcu:1935 - No CPN specified => set CPN to STM32F411CEU6
2023-03-12 20:14:41,525 [INFO] Context:654 - Trying to add GPIOservice into a context  which must be forbidden
2023-03-12 20:14:41,961 [INFO] ImportTextPane:193 - (OptionalMessage_ERROR) Unable to find key (Mcu.ThirdPartyNb) in loaded IOC file
2023-03-12 20:14:41,961 [INFO] ImportTextPane:193 - (OptionalMessage_ERROR) Unable to find key (Mcu.PinsNb) in loaded IOC file
2023-03-12 20:14:41,961 [INFO] ImportTextPane:193 - (OptionalMessage_ERROR) Unable to find key (Mcu.IPNb) in loaded IOC file
2023-03-12 20:14:42,039 [WARN] ApiManager:308 - Cannot register API 'Board Extension:GNSS1A1' from pack STMicroelectronics.X-CUBE-GNSS1.6.0.0: no header file found
2023-03-12 20:14:42,039 [WARN] ApiManager:308 - Cannot register API 'Board Support:Custom' from pack STMicroelectronics.X-CUBE-GNSS1.6.0.0: no header file found
2023-03-12 20:14:42,039 [WARN] ApiManager:308 - Cannot register API 'Data Exchange:lib_gnss' from pack STMicroelectronics.X-CUBE-GNSS1.6.0.0: no header file found
2023-03-12 20:14:42,050 [WARN] ApiManager:308 - Cannot register API 'Wireless:BlueNRG-MS' from pack STMicroelectronics.X-CUBE-BLE1.6.2.4: no header file found
2023-03-12 20:14:42,052 [INFO] RtosManager:488 - Registered RTOS mode: class=CMSIS, group=RTOS, mode=CMSIS_V1, owner=FREERTOS
2023-03-12 20:14:42,053 [INFO] RtosManager:488 - Registered RTOS mode: class=CMSIS, group=RTOS2, mode=CMSIS_V2, owner=FREERTOS
2023-03-12 20:14:42,053 [INFO] RtosManager:488 - Registered RTOS mode: class=RTOS, group=Core, mode=CMSIS_V1, owner=FREERTOS
2023-03-12 20:14:42,053 [INFO] RtosManager:488 - Registered RTOS mode: class=RTOS, group=Core, mode=CMSIS_V2, owner=FREERTOS
2023-03-12 20:14:42,053 [WARN] ModelIntegratedComponent:185 - Missing modes for component STMicroelectronics:FreeRTOS:0.0.1:STMicroelectronics:RTOS:FreeRTOS:Core:::10.2.0:
2023-03-12 20:14:42,063 [WARN] ApiManager:308 - Cannot register API 'Board Extension:S2868A1' from pack STMicroelectronics.X-CUBE-SUBG2.5.0.0: no header file found
2023-03-12 20:14:42,063 [WARN] ApiManager:308 - Cannot register API 'Board Extension:S2868A2' from pack STMicroelectronics.X-CUBE-SUBG2.5.0.0: no header file found
2023-03-12 20:14:42,063 [WARN] ApiManager:308 - Cannot register API 'Board Extension:S2915A1' from pack STMicroelectronics.X-CUBE-SUBG2.5.0.0: no header file found
2023-03-12 20:14:42,065 [WARN] ApiManager:308 - Cannot register API 'Board Extension:NFC04A1' from pack STMicroelectronics.X-CUBE-NFC4.3.0.0: no header file found
2023-03-12 20:14:42,065 [WARN] ModelIntegratedComponent:183 - Modes not found for component STMicroelectronics:USB_HOST:1.0.0:STMicroelectronics:USB::USB Host:Audio HS::1.0:USB_HOST_1_0_RESTRICTED_HS
2023-03-12 20:14:42,065 [WARN] ModelIntegratedComponent:189 - Modes not found for component STMicroelectronics:USB_HOST:1.0.0:STMicroelectronics:USB::USB Host:Audio HS::1.0:USB_HOST_1_0_RESTRICTED_HS
2023-03-12 20:14:42,065 [WARN] ModelIntegratedComponent:183 - Modes not found for component STMicroelectronics:USB_HOST:1.0.0:STMicroelectronics:USB::USB Host:CDC HS::1.0:USB_HOST_1_0_RESTRICTED_HS
2023-03-12 20:14:42,066 [WARN] ModelIntegratedComponent:189 - Modes not found for component STMicroelectronics:USB_HOST:1.0.0:STMicroelectronics:USB::USB Host:CDC HS::1.0:USB_HOST_1_0_RESTRICTED_HS
2023-03-12 20:14:42,066 [WARN] ModelIntegratedComponent:183 - Modes not found for component STMicroelectronics:USB_HOST:1.0.0:STMicroelectronics:USB::USB Host:MSC HS::1.0:USB_HOST_1_0_RESTRICTED_HS
2023-03-12 20:14:42,066 [WARN] ModelIntegratedComponent:189 - Modes not found for component STMicroelectronics:USB_HOST:1.0.0:STMicroelectronics:USB::USB Host:MSC HS::1.0:USB_HOST_1_0_RESTRICTED_HS
2023-03-12 20:14:42,066 [WARN] ModelIntegratedComponent:183 - Modes not found for component STMicroelectronics:USB_HOST:1.0.0:STMicroelectronics:USB::USB Host:HID HS::1.0:USB_HOST_1_0_RESTRICTED_HS
2023-03-12 20:14:42,066 [WARN] ModelIntegratedComponent:189 - Modes not found for component STMicroelectronics:USB_HOST:1.0.0:STMicroelectronics:USB::USB Host:HID HS::1.0:USB_HOST_1_0_RESTRICTED_HS
2023-03-12 20:14:42,066 [WARN] ModelIntegratedComponent:183 - Modes not found for component STMicroelectronics:USB_HOST:1.0.0:STMicroelectronics:USB::USB Host:MTP HS::1.0:USB_HOST_1_0_RESTRICTED_HS
2023-03-12 20:14:42,066 [WARN] ModelIntegratedComponent:189 - Modes not found for component STMicroelectronics:USB_HOST:1.0.0:STMicroelectronics:USB::USB Host:MTP HS::1.0:USB_HOST_1_0_RESTRICTED_HS
2023-03-12 20:14:42,073 [WARN] ModelIntegratedComponent:64 - No mode defined for component null
2023-03-12 20:14:42,073 [WARN] ModelIntegratedComponent:64 - No mode defined for component null
2023-03-12 20:14:42,073 [WARN] ModelIntegratedComponent:64 - No mode defined for component null
2023-03-12 20:14:42,073 [WARN] ModelIntegratedComponent:64 - No mode defined for component null
2023-03-12 20:14:42,073 [WARN] ModelIntegratedComponent:64 - No mode defined for component null
2023-03-12 20:14:42,073 [WARN] ModelIntegratedComponent:64 - No mode defined for component null
2023-03-12 20:14:42,073 [WARN] ModelIntegratedComponent:64 - No mode defined for component null
2023-03-12 20:14:42,073 [WARN] ModelIntegratedComponent:64 - No mode defined for component null
2023-03-12 20:14:42,073 [WARN] ModelIntegratedComponent:64 - No mode defined for component null
2023-03-12 20:14:42,073 [WARN] ModelIntegratedComponent:64 - No mode defined for component null
2023-03-12 20:14:42,073 [WARN] ModelIntegratedComponent:64 - No mode defined for component null
2023-03-12 20:14:42,073 [WARN] ModelIntegratedComponent:64 - No mode defined for component null
2023-03-12 20:14:42,073 [WARN] ModelIntegratedComponent:64 - No mode defined for component null
2023-03-12 20:14:42,074 [WARN] ModelIntegratedComponent:64 - No mode defined for component null
2023-03-12 20:14:42,074 [WARN] ModelIntegratedComponent:64 - No mode defined for component null
2023-03-12 20:14:42,074 [WARN] ModelIntegratedComponent:64 - No mode defined for component null
2023-03-12 20:14:42,074 [WARN] ModelIntegratedComponent:64 - No mode defined for component null
2023-03-12 20:14:42,074 [WARN] ModelIntegratedComponent:64 - No mode defined for component null
2023-03-12 20:14:42,074 [WARN] ModelIntegratedComponent:64 - No mode defined for component null
2023-03-12 20:14:42,074 [WARN] ModelIntegratedComponent:64 - No mode defined for component null
2023-03-12 20:14:42,074 [WARN] ModelIntegratedComponent:64 - No mode defined for component null
2023-03-12 20:14:42,074 [WARN] ModelIntegratedComponent:64 - No mode defined for component null
2023-03-12 20:14:42,074 [WARN] ModelIntegratedComponent:64 - No mode defined for component null
2023-03-12 20:14:42,074 [WARN] ModelIntegratedComponent:64 - No mode defined for component null
2023-03-12 20:14:42,075 [WARN] ModelIntegratedComponent:64 - No mode defined for component null
2023-03-12 20:14:42,075 [WARN] ModelIntegratedComponent:64 - No mode defined for component null
2023-03-12 20:14:42,075 [WARN] ModelIntegratedComponent:64 - No mode defined for component null
2023-03-12 20:14:42,075 [WARN] ModelIntegratedComponent:64 - No mode defined for component null
2023-03-12 20:14:42,075 [WARN] ModelIntegratedComponent:64 - No mode defined for component null
2023-03-12 20:14:42,075 [WARN] ModelIntegratedComponent:64 - No mode defined for component null
2023-03-12 20:14:42,075 [WARN] ModelIntegratedComponent:64 - No mode defined for component null
2023-03-12 20:14:42,075 [WARN] ModelIntegratedComponent:64 - No mode defined for component null
2023-03-12 20:14:42,076 [WARN] ModelIntegratedComponent:64 - No mode defined for component null
2023-03-12 20:14:42,078 [WARN] ApiManager:308 - Cannot register API 'Board Extension:NFC07A1' from pack STMicroelectronics.X-CUBE-NFC7.1.0.0: no header file found
2023-03-12 20:14:42,080 [WARN] ApiManager:308 - Cannot register API 'Board Extension:EEPRMA1' from pack STMicroelectronics.X-CUBE-EEPRMA1.4.1.0: no header file found
2023-03-12 20:14:42,080 [WARN] ApiManager:308 - Cannot register API 'Board Extension:EEPRMA2' from pack STMicroelectronics.X-CUBE-EEPRMA1.4.1.0: no header file found
2023-03-12 20:14:42,080 [WARN] ApiManager:308 - Cannot register API 'Board Extension:PGEEZ1' from pack STMicroelectronics.X-CUBE-EEPRMA1.4.1.0: no header file found
2023-03-12 20:14:42,080 [WARN] ApiManager:308 - Cannot register API 'Board Part:M24' from pack STMicroelectronics.X-CUBE-EEPRMA1.4.1.0: no header file found
2023-03-12 20:14:42,080 [WARN] ApiManager:308 - Cannot register API 'Board Part:M95' from pack STMicroelectronics.X-CUBE-EEPRMA1.4.1.0: no header file found
2023-03-12 20:14:42,080 [WARN] ApiManager:308 - Cannot register API 'Board Part:M95P32' from pack STMicroelectronics.X-CUBE-EEPRMA1.4.1.0: no header file found
2023-03-12 20:14:42,080 [WARN] ApiManager:308 - Cannot register API 'PGEEZ1:SPI' from pack STMicroelectronics.X-CUBE-EEPRMA1.4.1.0: no header file found
2023-03-12 20:14:42,080 [WARN] ApiManager:308 - Cannot register API 'PGEEZ1:QDSPI' from pack STMicroelectronics.X-CUBE-EEPRMA1.4.1.0: no header file found
2023-03-12 20:14:42,206 [WARN] ApiManager:308 - Cannot register API 'Board Extension:IKS01A3' from pack STMicroelectronics.X-CUBE-MEMS1.9.5.0: no header file found
2023-03-12 20:14:42,207 [WARN] ApiManager:308 - Cannot register API 'Board Extension:IKS01A2' from pack STMicroelectronics.X-CUBE-MEMS1.9.5.0: no header file found
2023-03-12 20:14:42,207 [WARN] ApiManager:308 - Cannot register API 'Board Extension:IKS02A1' from pack STMicroelectronics.X-CUBE-MEMS1.9.5.0: no header file found
2023-03-12 20:14:42,218 [WARN] ModelIntegratedComponent:183 - Modes not found for component STMicroelectronics:USB_DEVICE:1.0.0:STMicroelectronics:USB::USB Device:Audio HS::1.0:USB_DEVICE_1_0_RESTRICTED_HS
2023-03-12 20:14:42,219 [WARN] ModelIntegratedComponent:189 - Modes not found for component STMicroelectronics:USB_DEVICE:1.0.0:STMicroelectronics:USB::USB Device:Audio HS::1.0:USB_DEVICE_1_0_RESTRICTED_HS
2023-03-12 20:14:42,219 [WARN] ModelIntegratedComponent:183 - Modes not found for component STMicroelectronics:USB_DEVICE:1.0.0:STMicroelectronics:USB::USB Device:CDC HS::1.0:USB_DEVICE_1_0_RESTRICTED_HS
2023-03-12 20:14:42,219 [WARN] ModelIntegratedComponent:189 - Modes not found for component STMicroelectronics:USB_DEVICE:1.0.0:STMicroelectronics:USB::USB Device:CDC HS::1.0:USB_DEVICE_1_0_RESTRICTED_HS
2023-03-12 20:14:42,219 [WARN] ModelIntegratedComponent:183 - Modes not found for component STMicroelectronics:USB_DEVICE:1.0.0:STMicroelectronics:USB::USB Device:DFU HS::1.0:USB_DEVICE_1_0_RESTRICTED_HS
2023-03-12 20:14:42,219 [WARN] ModelIntegratedComponent:189 - Modes not found for component STMicroelectronics:USB_DEVICE:1.0.0:STMicroelectronics:USB::USB Device:DFU HS::1.0:USB_DEVICE_1_0_RESTRICTED_HS
2023-03-12 20:14:42,219 [WARN] ModelIntegratedComponent:183 - Modes not found for component STMicroelectronics:USB_DEVICE:1.0.0:STMicroelectronics:USB::USB Device:HID HS::1.0:USB_DEVICE_1_0_RESTRICTED_HS
2023-03-12 20:14:42,219 [WARN] ModelIntegratedComponent:189 - Modes not found for component STMicroelectronics:USB_DEVICE:1.0.0:STMicroelectronics:USB::USB Device:HID HS::1.0:USB_DEVICE_1_0_RESTRICTED_HS
2023-03-12 20:14:42,219 [WARN] ModelIntegratedComponent:183 - Modes not found for component STMicroelectronics:USB_DEVICE:1.0.0:STMicroelectronics:USB::USB Device:Custom HID HS::1.0:USB_DEVICE_1_0_RESTRICTED_HS
2023-03-12 20:14:42,219 [WARN] ModelIntegratedComponent:189 - Modes not found for component STMicroelectronics:USB_DEVICE:1.0.0:STMicroelectronics:USB::USB Device:Custom HID HS::1.0:USB_DEVICE_1_0_RESTRICTED_HS
2023-03-12 20:14:42,219 [WARN] ModelIntegratedComponent:183 - Modes not found for component STMicroelectronics:USB_DEVICE:1.0.0:STMicroelectronics:USB::USB Device:MSC HS::1.0:USB_DEVICE_1_0_RESTRICTED_HS
2023-03-12 20:14:42,219 [WARN] ModelIntegratedComponent:189 - Modes not found for component STMicroelectronics:USB_DEVICE:1.0.0:STMicroelectronics:USB::USB Device:MSC HS::1.0:USB_DEVICE_1_0_RESTRICTED_HS
2023-03-12 20:14:42,220 [WARN] ApiManager:308 - Cannot register API 'Board Extension:S2868A1' from pack STMicroelectronics.X-CUBE-SFXS2LP1.4.0.0: no header file found
2023-03-12 20:14:42,220 [WARN] ApiManager:308 - Cannot register API 'Board Extension:S2868A2' from pack STMicroelectronics.X-CUBE-SFXS2LP1.4.0.0: no header file found
2023-03-12 20:14:42,220 [WARN] ApiManager:308 - Cannot register API 'Board Extension:S2915A1' from pack STMicroelectronics.X-CUBE-SFXS2LP1.4.0.0: no header file found
2023-03-12 20:14:42,221 [WARN] ApiManager:308 - Cannot register API 'Wireless:BlueNRG-2' from pack STMicroelectronics.X-CUBE-BLE2.3.3.0: no header file found
2023-03-12 20:14:42,230 [INFO] ThirdPartyModel:289 - Start build external matchings
2023-03-12 20:14:42,601 [INFO] ThirdPartyModel:302 - End build external matchings
2023-03-12 20:14:42,749 [INFO] UtilMem:74 - End LoadConfig() Used Memory: 453255176 Bytes (542113792)
2023-03-12 20:14:42,760 [WARN] ThirdParty:789 - waiting for thirdparty lock release [change project]
2023-03-12 20:14:42,760 [INFO] ThirdParty:791 - entering critical section [change project]
2023-03-12 20:14:42,760 [INFO] ThirdParty:981 - CMSIS Pack Vendor :STMicroelectronics X-CUBE-ISPU 1.1.0
2023-03-12 20:14:42,760 [INFO] ThirdParty:981 - CMSIS Pack Vendor :RoweBots I-CUBE-UNISONRTOS 5.5.0-4
2023-03-12 20:14:42,760 [INFO] ThirdParty:981 - CMSIS Pack Vendor :STMicroelectronics X-CUBE-GNSS1 6.0.0
2023-03-12 20:14:42,760 [INFO] ThirdParty:981 - CMSIS Pack Vendor :STMicroelectronics USB_HOST 2.0.0
2023-03-12 20:14:42,760 [INFO] ThirdParty:981 - CMSIS Pack Vendor :STMicroelectronics X-CUBE-AZRTOS-F4 1.1.0
2023-03-12 20:14:42,761 [INFO] ThirdParty:981 - CMSIS Pack Vendor :STMicroelectronics LIBJPEG 8.0.0
2023-03-12 20:14:42,761 [INFO] ThirdParty:981 - CMSIS Pack Vendor :STMicroelectronics USB_DEVICE 3.0.0
2023-03-12 20:14:42,761 [INFO] ThirdParty:981 - CMSIS Pack Vendor :STMicroelectronics X-CUBE-AI 8.0.0
2023-03-12 20:14:42,761 [INFO] ThirdParty:981 - CMSIS Pack Vendor :STMicroelectronics X-CUBE-FREERTOS 1.0.0
2023-03-12 20:14:42,761 [INFO] ThirdParty:981 - CMSIS Pack Vendor :STMicroelectronics X-CUBE-TOUCHGFX 4.21.1
2023-03-12 20:14:42,761 [INFO] ThirdParty:981 - CMSIS Pack Vendor :STMicroelectronics X-CUBE-AZRTOS-F7 1.1.0
2023-03-12 20:14:42,761 [INFO] ThirdParty:981 - CMSIS Pack Vendor :STMicroelectronics USB_DEVICE 2.0.0
2023-03-12 20:14:42,761 [INFO] ThirdParty:981 - CMSIS Pack Vendor :STMicroelectronics X-CUBE-ALGOBUILD 1.3.0
2023-03-12 20:14:42,761 [INFO] ThirdParty:981 - CMSIS Pack Vendor :STMicroelectronics X-CUBE-BLE1 6.2.4
2023-03-12 20:14:42,761 [INFO] ThirdParty:981 - CMSIS Pack Vendor :STMicroelectronics X-CUBE-AZRTOS-L5 1.1.0
2023-03-12 20:14:42,761 [INFO] ThirdParty:981 - CMSIS Pack Vendor :STMicroelectronics FreeRTOS 0.0.1
2023-03-12 20:14:42,761 [INFO] ThirdParty:981 - CMSIS Pack Vendor :emotas I-CUBE-CANOPEN 1.1.3
2023-03-12 20:14:42,761 [INFO] ThirdParty:981 - CMSIS Pack Vendor :STMicroelectronics X-CUBE-AZRTOS-G0 1.1.0
2023-03-12 20:14:42,761 [INFO] ThirdParty:981 - CMSIS Pack Vendor :STMicroelectronics X-CUBE-BLEMGR 2.0.0
2023-03-12 20:14:42,761 [INFO] ThirdParty:981 - CMSIS Pack Vendor :STMicroelectronics X-CUBE-SUBG2 5.0.0
2023-03-12 20:14:42,761 [INFO] ThirdParty:981 - CMSIS Pack Vendor :STMicroelectronics X-CUBE-NFC4 3.0.0
2023-03-12 20:14:42,762 [INFO] ThirdParty:981 - CMSIS Pack Vendor :STMicroelectronics STM32_WPAN 1.0.0
2023-03-12 20:14:42,762 [INFO] ThirdParty:981 - CMSIS Pack Vendor :STMicroelectronics lwIP 2.0.3
2023-03-12 20:14:42,762 [INFO] ThirdParty:981 - CMSIS Pack Vendor :STMicroelectronics USB_HOST 1.0.0
2023-03-12 20:14:42,762 [INFO] ThirdParty:981 - CMSIS Pack Vendor :STMicroelectronics PDM2PCM 3.1.0
2023-03-12 20:14:42,762 [INFO] ThirdParty:981 - CMSIS Pack Vendor :STMicroelectronics FP-ATR-ASTRA1 1.1.1
2023-03-12 20:14:42,762 [INFO] ThirdParty:981 - CMSIS Pack Vendor :STMicroelectronics PDM2PCM 3.3.0
2023-03-12 20:14:42,762 [INFO] ThirdParty:981 - CMSIS Pack Vendor :STMicroelectronics X-CUBE-DISPLAY 3.0.0
2023-03-12 20:14:42,762 [INFO] ThirdParty:981 - CMSIS Pack Vendor :STMicroelectronics X-CUBE-AZRTOS-G4 1.0.0
2023-03-12 20:14:42,762 [INFO] ThirdParty:981 - CMSIS Pack Vendor :STMicroelectronics FP-ATR-SIGFOX1 3.2.0
2023-03-12 20:14:42,762 [INFO] ThirdParty:981 - CMSIS Pack Vendor :wolfSSL I-CUBE-wolfSSL 5.5.4
2023-03-12 20:14:42,762 [INFO] ThirdParty:981 - CMSIS Pack Vendor :STMicroelectronics X-CUBE-AZRTOS-L4 1.0.0
2023-03-12 20:14:42,762 [INFO] ThirdParty:981 - CMSIS Pack Vendor :STMicroelectronics HAL Drivers 0.0.0
2023-03-12 20:14:42,762 [INFO] ThirdParty:981 - CMSIS Pack Vendor :STMicroelectronics MBEDTLS 2.16.2
2023-03-12 20:14:42,762 [INFO] ThirdParty:981 - CMSIS Pack Vendor :STMicroelectronics MBEDTLS 2.14.1
2023-03-12 20:14:42,762 [INFO] ThirdParty:981 - CMSIS Pack Vendor :STMicroelectronics X-CUBE-NFC7 1.0.0
2023-03-12 20:14:42,762 [INFO] ThirdParty:981 - CMSIS Pack Vendor :STMicroelectronics X-CUBE-AZRTOS-WL 1.0.0
2023-03-12 20:14:42,763 [INFO] ThirdParty:981 - CMSIS Pack Vendor :STMicroelectronics X-CUBE-EEPRMA1 4.1.0
2023-03-12 20:14:42,763 [INFO] ThirdParty:981 - CMSIS Pack Vendor :portGmbH I-Cube-SoM-uGOAL 1.1.0
2023-03-12 20:14:42,763 [INFO] ThirdParty:981 - CMSIS Pack Vendor :STMicroelectronics X-CUBE-ALS 1.0.1
2023-03-12 20:14:42,763 [INFO] ThirdParty:981 - CMSIS Pack Vendor :STMicroelectronics X-CUBE-MEMS1 9.5.0
2023-03-12 20:14:42,763 [INFO] ThirdParty:981 - CMSIS Pack Vendor :STMicroelectronics ThreadX 1.0.0
2023-03-12 20:14:42,763 [INFO] ThirdParty:981 - CMSIS Pack Vendor :STMicroelectronics X-CUBE-AZRTOS-WB 1.1.0
2023-03-12 20:14:42,763 [INFO] ThirdParty:981 - CMSIS Pack Vendor :SEGGER I-CUBE-embOS 1.3.1
2023-03-12 20:14:42,763 [INFO] ThirdParty:981 - CMSIS Pack Vendor :STMicroelectronics USB_DEVICE 1.0.0
2023-03-12 20:14:42,763 [INFO] ThirdParty:981 - CMSIS Pack Vendor :STMicroelectronics ThreadX 0.0.2
2023-03-12 20:14:42,763 [INFO] ThirdParty:981 - CMSIS Pack Vendor :WES I-CUBE-Cesium 1.3.0
2023-03-12 20:14:42,763 [INFO] ThirdParty:981 - CMSIS Pack Vendor :STMicroelectronics lwIP 2.1.2
2023-03-12 20:14:42,763 [INFO] ThirdParty:981 - CMSIS Pack Vendor :STMicroelectronics X-CUBE-SFXS2LP1 4.0.0
2023-03-12 20:14:42,763 [INFO] ThirdParty:981 - CMSIS Pack Vendor :STMicroelectronics X-CUBE-BLE2 3.3.0
2023-03-12 20:14:42,763 [INFO] ThirdParty:981 - CMSIS Pack Vendor :STMicroelectronics X-CUBE-TOF1 3.2.0
2023-03-12 20:14:42,764 [INFO] ThirdParty:981 - CMSIS Pack Vendor :STMicroelectronics PDM2PCM 3.2.0
2023-03-12 20:14:42,764 [INFO] ThirdParty:981 - CMSIS Pack Vendor :STMicroelectronics X-CUBE-AZRTOS-H7 3.0.0
2023-03-12 20:14:42,764 [INFO] ThirdParty:797 - exiting critical section [change project]
2023-03-12 20:14:43,185 [INFO] PinOutPanel:1468 - setPackage(No Configuration,No Configuration)
2023-03-12 20:14:43,186 [INFO] PinOutPanel:1468 - setPackage(STM32F411CEUx,UFQFPN48)
2023-03-12 20:14:43,685 [INFO] UtilMem:74 - Before build in PCC Used Memory: 389756896 Bytes (542113792)
2023-03-12 20:14:44,253 [INFO] UtilMem:74 - After build in PCC Used Memory: 422674432 Bytes (542113792)
2023-03-12 20:14:44,281 [INFO] IPUIPlugin:79 - create IPUIPlugin
2023-03-12 20:14:44,282 [INFO] IPUIPlugin:79 - create IPUIPlugin
2023-03-12 20:14:44,282 [INFO] IPUIPlugin:79 - create IPUIPlugin
2023-03-12 20:14:44,282 [INFO] IPUIPlugin:79 - create IPUIPlugin
2023-03-12 20:14:44,282 [INFO] IPUIPlugin:79 - create IPUIPlugin
2023-03-12 20:14:44,282 [INFO] IPUIPlugin:79 - create IPUIPlugin
2023-03-12 20:14:44,283 [INFO] IPUIPlugin:79 - create IPUIPlugin
2023-03-12 20:14:44,283 [INFO] IPUIPlugin:79 - create IPUIPlugin
2023-03-12 20:14:44,283 [INFO] IPUIPlugin:79 - create IPUIPlugin
2023-03-12 20:14:44,283 [INFO] IPUIPlugin:79 - create IPUIPlugin
2023-03-12 20:14:44,283 [INFO] IPUIPlugin:79 - create IPUIPlugin
2023-03-12 20:14:44,283 [INFO] IPUIPlugin:79 - create IPUIPlugin
2023-03-12 20:14:44,284 [INFO] IPUIPlugin:79 - create IPUIPlugin
2023-03-12 20:14:44,284 [INFO] IPUIPlugin:79 - create IPUIPlugin
2023-03-12 20:14:44,284 [INFO] IPUIPlugin:79 - create IPUIPlugin
2023-03-12 20:14:44,284 [INFO] IPUIPlugin:79 - create IPUIPlugin
2023-03-12 20:14:44,285 [INFO] IPUIPlugin:79 - create IPUIPlugin
2023-03-12 20:14:44,285 [INFO] IPUIPlugin:79 - create IPUIPlugin
2023-03-12 20:14:44,285 [INFO] IPUIPlugin:79 - create IPUIPlugin
2023-03-12 20:14:44,285 [INFO] IPUIPlugin:79 - create IPUIPlugin
2023-03-12 20:14:44,285 [INFO] IPUIPlugin:79 - create IPUIPlugin
2023-03-12 20:14:44,286 [INFO] IPUIPlugin:79 - create IPUIPlugin
2023-03-12 20:14:44,286 [INFO] IPUIPlugin:79 - create IPUIPlugin
2023-03-12 20:14:44,286 [INFO] IPUIPlugin:79 - create IPUIPlugin
2023-03-12 20:14:44,286 [INFO] IPUIPlugin:79 - create IPUIPlugin
2023-03-12 20:14:44,287 [INFO] IPUIPlugin:79 - create IPUIPlugin
2023-03-12 20:14:44,287 [INFO] IPUIPlugin:79 - create IPUIPlugin
2023-03-12 20:14:44,287 [INFO] IPUIPlugin:79 - create IPUIPlugin
2023-03-12 20:14:44,287 [INFO] IPUIPlugin:79 - create IPUIPlugin
2023-03-12 20:14:44,287 [INFO] IPUIPlugin:79 - create IPUIPlugin
2023-03-12 20:14:44,288 [INFO] IPUIPlugin:79 - create IPUIPlugin
2023-03-12 20:14:44,288 [INFO] IPUIPlugin:79 - create IPUIPlugin
2023-03-12 20:14:44,288 [INFO] IPUIPlugin:79 - create IPUIPlugin
2023-03-12 20:14:44,288 [INFO] IPUIPlugin:79 - create IPUIPlugin
2023-03-12 20:14:44,288 [INFO] IPUIPlugin:79 - create IPUIPlugin
2023-03-12 20:14:44,288 [INFO] IPUIPlugin:79 - create IPUIPlugin
2023-03-12 20:14:44,288 [INFO] IPUIPlugin:79 - create IPUIPlugin
2023-03-12 20:14:44,289 [INFO] IPUIPlugin:79 - create IPUIPlugin
2023-03-12 20:14:44,289 [INFO] IPUIPlugin:79 - create IPUIPlugin
2023-03-12 20:14:44,289 [INFO] IPUIPlugin:79 - create IPUIPlugin
2023-03-12 20:14:44,290 [INFO] IPUIPlugin:79 - create IPUIPlugin
2023-03-12 20:14:44,290 [INFO] IPUIPlugin:79 - create IPUIPlugin
2023-03-12 20:14:44,290 [INFO] IPUIPlugin:79 - create IPUIPlugin
2023-03-12 20:14:44,331 [INFO] ApiDbMcu:505 - Load IP Config File for PDM2PCM
2023-03-12 20:14:44,509 [INFO] OpenFileManager:327 - Restore cursor
2023-03-12 20:14:44,976 [INFO] UtilMem:74 - End SaveConfig() Used Memory: 435162112 Bytes (542113792)
2023-03-12 20:14:45,017 [INFO] UtilMem:74 - End SaveConfig() Used Memory: 449844832 Bytes (542113792)
2023-03-12 20:14:45,534 [INFO] BlockDiagram:2753 - set Specific Code input for plugin: NVIC
2023-03-12 20:14:45,534 [INFO] BlockDiagram:2753 - set Specific Code input for plugin: RCC
2023-03-12 20:14:45,535 [INFO] CodeGenerator:690 - code generatio: config db path: /opt/st/stm32cubeide_1.10.1/plugins/com.st.stm32cube.common.mx_6.6.1.202207061420//db/
2023-03-12 20:14:45,915 [INFO] CodeEngine:245 - oldGeneratedFile, /home/dawid/Desktop/Programing and other/GITHUB/Digit-Recognition-on-STM32/DIGIT_REC/MXTmpFiles/license.tmp_save
2023-03-12 20:14:46,414 [INFO] CodeEngine:269 - Generated code: /home/dawid/Desktop/Programing and other/GITHUB/Digit-Recognition-on-STM32/DIGIT_REC/MXTmpFiles/license.tmp
2023-03-12 20:14:46,421 [INFO] CodeEngine:245 - oldGeneratedFile, /home/dawid/Desktop/Programing and other/GITHUB/Digit-Recognition-on-STM32/DIGIT_REC/Core/Src/stm32f4xx_it.c_save
2023-03-12 20:14:46,585 [INFO] CodeEngine:269 - Generated code: /home/dawid/Desktop/Programing and other/GITHUB/Digit-Recognition-on-STM32/DIGIT_REC/Core/Src/stm32f4xx_it.c
2023-03-12 20:14:46,587 [INFO] CodeEngine:245 - oldGeneratedFile, /home/dawid/Desktop/Programing and other/GITHUB/Digit-Recognition-on-STM32/DIGIT_REC/Core/Inc/stm32f4xx_it.h_save
2023-03-12 20:14:46,693 [INFO] CodeEngine:269 - Generated code: /home/dawid/Desktop/Programing and other/GITHUB/Digit-Recognition-on-STM32/DIGIT_REC/Core/Inc/stm32f4xx_it.h
2023-03-12 20:14:46,767 [INFO] CodeEngine:245 - oldGeneratedFile, /home/dawid/Desktop/Programing and other/GITHUB/Digit-Recognition-on-STM32/DIGIT_REC/Core/Src/stm32f4xx_hal_msp.c_save
2023-03-12 20:14:46,921 [INFO] CodeEngine:269 - Generated code: /home/dawid/Desktop/Programing and other/GITHUB/Digit-Recognition-on-STM32/DIGIT_REC/Core/Src/stm32f4xx_hal_msp.c
2023-03-12 20:14:46,922 [INFO] CodeEngine:245 - oldGeneratedFile, /home/dawid/Desktop/Programing and other/GITHUB/Digit-Recognition-on-STM32/DIGIT_REC/MXTmpFiles/system.tmp_save
2023-03-12 20:14:47,040 [INFO] CodeEngine:269 - Generated code: /home/dawid/Desktop/Programing and other/GITHUB/Digit-Recognition-on-STM32/DIGIT_REC/MXTmpFiles/system.tmp
2023-03-12 20:14:47,043 [INFO] CodeEngine:245 - oldGeneratedFile, /home/dawid/Desktop/Programing and other/GITHUB/Digit-Recognition-on-STM32/DIGIT_REC/Core/Inc/stm32f4xx_hal_conf.h_save
2023-03-12 20:14:47,147 [INFO] CodeEngine:269 - Generated code: /home/dawid/Desktop/Programing and other/GITHUB/Digit-Recognition-on-STM32/DIGIT_REC/Core/Inc/stm32f4xx_hal_conf.h
2023-03-12 20:14:47,188 [INFO] CodeEngine:245 - oldGeneratedFile, /home/dawid/Desktop/Programing and other/GITHUB/Digit-Recognition-on-STM32/DIGIT_REC/Core/Inc/main.h_save
2023-03-12 20:14:47,261 [INFO] CodeEngine:269 - Generated code: /home/dawid/Desktop/Programing and other/GITHUB/Digit-Recognition-on-STM32/DIGIT_REC/Core/Inc/main.h
2023-03-12 20:14:47,262 [INFO] CodeEngine:245 - oldGeneratedFile, /home/dawid/Desktop/Programing and other/GITHUB/Digit-Recognition-on-STM32/DIGIT_REC/Core/Src/main.c_save
2023-03-12 20:14:47,406 [INFO] CodeEngine:269 - Generated code: /home/dawid/Desktop/Programing and other/GITHUB/Digit-Recognition-on-STM32/DIGIT_REC/Core/Src/main.c
2023-03-12 20:14:48,194 [INFO] ProjectBuilder:2919 - Time for Copy HAL[1] : 15mS.
2023-03-12 20:14:48,204 [INFO] ProjectBuilder:4117 - Project Generator version: 3.17.1
2023-03-12 20:14:48,609 [INFO] ConfigFileManager:1394 - The Die is : DIE431
2023-03-12 20:14:48,625 [INFO] ApiDbMcu:505 - Load IP Config File for FATFS
2023-03-12 20:14:48,650 [INFO] ApiDbMcu:505 - Load IP Config File for FREERTOS
2023-03-12 20:14:48,655 [INFO] ApiDbMcu:505 - Load IP Config File for LIBJPEG
2023-03-12 20:14:48,686 [INFO] ApiDbMcu:505 - Load IP Config File for MBEDTLS
2023-03-12 20:14:48,716 [INFO] ApiDbMcu:505 - Load IP Config File for USB_DEVICE
2023-03-12 20:14:48,725 [INFO] ApiDbMcu:505 - Load IP Config File for USB_HOST
2023-03-12 20:14:52,185 [INFO] ProjectBuilder:4285 - Time for Generating toolchain IDE Files: 3981mS.
2023-03-12 20:14:52,186 [INFO] ProjectBuilder:2790 - Time for Copy CMSIS : 1mS.
2023-03-12 20:14:52,186 [INFO] ProjectBuilder:2790 - Time for Copy CMSIS : 0mS.
2023-03-12 20:14:52,729 [INFO] McuFinderGlobals:57 - Set McuFinderConnectedMode to true
2023-03-12 20:14:52,731 [INFO] ApiDb:443 - Save user favorites file /home/dawid/.stm32cubeide/favorites.mcus.txt: 0 item(s)
2023-03-12 20:14:52,732 [INFO] ApiDb:447 - User favorites MCUs=[]
2023-03-12 20:17:15,165 [INFO] NvicIntPanel:100 - NVIC parent = com.st.microxplorer.plugins.ip.nvic.MultiNvicIntPanel[,0,0,516x266,layout=javax.swing.BoxLayout,alignmentX=0.0,alignmentY=0.0,border=,flags=9,maximumSize=,minimumSize=,preferredSize=]
2023-03-12 20:17:18,047 [INFO] NvicIntPanel:100 - NVIC parent = com.st.microxplorer.plugins.ip.nvic.MultiNvicIntPanel[,0,0,0x0,invalid,layout=javax.swing.BoxLayout,alignmentX=0.0,alignmentY=0.0,border=,flags=9,maximumSize=,minimumSize=,preferredSize=]
2023-03-12 20:17:18,129 [INFO] NvicIntPanel:100 - NVIC parent = com.st.microxplorer.plugins.ip.nvic.MultiNvicIntPanel[,0,0,0x0,invalid,layout=javax.swing.BoxLayout,alignmentX=0.0,alignmentY=0.0,border=,flags=9,maximumSize=,minimumSize=,preferredSize=]
2023-03-12 20:17:34,721 [INFO] NvicIntPanel:100 - NVIC parent = com.st.microxplorer.plugins.ip.nvic.MultiNvicIntPanel[,0,0,0x0,invalid,layout=javax.swing.BoxLayout,alignmentX=0.0,alignmentY=0.0,border=,flags=9,maximumSize=,minimumSize=,preferredSize=]
2023-03-12 20:17:34,798 [INFO] NvicIntPanel:100 - NVIC parent = com.st.microxplorer.plugins.ip.nvic.MultiNvicIntPanel[,0,0,0x0,invalid,layout=javax.swing.BoxLayout,alignmentX=0.0,alignmentY=0.0,border=,flags=9,maximumSize=,minimumSize=,preferredSize=]
2023-03-12 20:17:38,399 [INFO] NvicIntPanel:100 - NVIC parent = com.st.microxplorer.plugins.ip.nvic.MultiNvicIntPanel[,0,0,0x0,invalid,layout=javax.swing.BoxLayout,alignmentX=0.0,alignmentY=0.0,border=,flags=9,maximumSize=,minimumSize=,preferredSize=]
2023-03-12 20:17:50,232 [INFO] Gpio:272 - dependency for GPIO [SPI1, SPI3, SPI4]
2023-03-12 20:17:54,423 [INFO] UtilMem:74 - End SaveConfig() Used Memory: 613650960 Bytes (879755264)
2023-03-12 20:17:55,248 [INFO] UtilMem:74 - End SaveConfig() Used Memory: 681286160 Bytes (879755264)
2023-03-12 20:17:58,819 [INFO] UtilMem:74 - End SaveConfig() Used Memory: 587605536 Bytes (879755264)
2023-03-12 20:17:59,158 [INFO] BlockDiagram:2753 - set Specific Code input for plugin: SPI
2023-03-12 20:17:59,159 [INFO] BlockDiagram:2753 - set Specific Code input for plugin: SPI
2023-03-12 20:17:59,159 [INFO] BlockDiagram:2753 - set Specific Code input for plugin: NVIC
2023-03-12 20:17:59,159 [INFO] BlockDiagram:2753 - set Specific Code input for plugin: SPI
2023-03-12 20:17:59,159 [INFO] BlockDiagram:2753 - set Specific Code input for plugin: DMA
2023-03-12 20:17:59,159 [INFO] BlockDiagram:2753 - set Specific Code input for plugin: GPIO
2023-03-12 20:17:59,159 [INFO] BlockDiagram:2753 - set Specific Code input for plugin: RCC
2023-03-12 20:17:59,160 [INFO] CodeGenerator:690 - code generatio: config db path: /opt/st/stm32cubeide_1.10.1/plugins/com.st.stm32cube.common.mx_6.6.1.202207061420//db/
2023-03-12 20:17:59,386 [INFO] CodeEngine:245 - oldGeneratedFile, /home/dawid/Desktop/Programing and other/GITHUB/Digit-Recognition-on-STM32/DIGIT_REC/MXTmpFiles/license.tmp_save
2023-03-12 20:17:59,483 [INFO] CodeEngine:269 - Generated code: /home/dawid/Desktop/Programing and other/GITHUB/Digit-Recognition-on-STM32/DIGIT_REC/MXTmpFiles/license.tmp
2023-03-12 20:17:59,537 [INFO] CodeEngine:245 - oldGeneratedFile, /home/dawid/Desktop/Programing and other/GITHUB/Digit-Recognition-on-STM32/DIGIT_REC/Core/Src/gpio.c_save
2023-03-12 20:17:59,664 [INFO] CodeEngine:269 - Generated code: /home/dawid/Desktop/Programing and other/GITHUB/Digit-Recognition-on-STM32/DIGIT_REC/Core/Src/gpio.c
2023-03-12 20:17:59,665 [INFO] CodeEngine:245 - oldGeneratedFile, /home/dawid/Desktop/Programing and other/GITHUB/Digit-Recognition-on-STM32/DIGIT_REC/Core/Inc/gpio.h_save
2023-03-12 20:17:59,754 [INFO] CodeEngine:269 - Generated code: /home/dawid/Desktop/Programing and other/GITHUB/Digit-Recognition-on-STM32/DIGIT_REC/Core/Inc/gpio.h
2023-03-12 20:17:59,933 [INFO] CodeEngine:245 - oldGeneratedFile, /home/dawid/Desktop/Programing and other/GITHUB/Digit-Recognition-on-STM32/DIGIT_REC/Core/Src/dma.c_save
2023-03-12 20:18:00,018 [INFO] CodeEngine:269 - Generated code: /home/dawid/Desktop/Programing and other/GITHUB/Digit-Recognition-on-STM32/DIGIT_REC/Core/Src/dma.c
2023-03-12 20:18:00,019 [INFO] CodeEngine:245 - oldGeneratedFile, /home/dawid/Desktop/Programing and other/GITHUB/Digit-Recognition-on-STM32/DIGIT_REC/Core/Inc/dma.h_save
2023-03-12 20:18:00,077 [INFO] CodeEngine:269 - Generated code: /home/dawid/Desktop/Programing and other/GITHUB/Digit-Recognition-on-STM32/DIGIT_REC/Core/Inc/dma.h
2023-03-12 20:18:00,079 [INFO] CodeEngine:245 - oldGeneratedFile, /home/dawid/Desktop/Programing and other/GITHUB/Digit-Recognition-on-STM32/DIGIT_REC/Core/Src/spi.c_save
2023-03-12 20:18:00,212 [INFO] CodeEngine:269 - Generated code: /home/dawid/Desktop/Programing and other/GITHUB/Digit-Recognition-on-STM32/DIGIT_REC/Core/Src/spi.c
2023-03-12 20:18:00,214 [INFO] CodeEngine:245 - oldGeneratedFile, /home/dawid/Desktop/Programing and other/GITHUB/Digit-Recognition-on-STM32/DIGIT_REC/Core/Inc/spi.h_save
2023-03-12 20:18:00,276 [INFO] CodeEngine:269 - Generated code: /home/dawid/Desktop/Programing and other/GITHUB/Digit-Recognition-on-STM32/DIGIT_REC/Core/Inc/spi.h
2023-03-12 20:18:00,278 [INFO] CodeEngine:245 - oldGeneratedFile, /home/dawid/Desktop/Programing and other/GITHUB/Digit-Recognition-on-STM32/DIGIT_REC/Core/Src/stm32f4xx_it.c_save
2023-03-12 20:18:00,397 [INFO] CodeEngine:269 - Generated code: /home/dawid/Desktop/Programing and other/GITHUB/Digit-Recognition-on-STM32/DIGIT_REC/Core/Src/stm32f4xx_it.c
2023-03-12 20:18:00,398 [INFO] CodeEngine:245 - oldGeneratedFile, /home/dawid/Desktop/Programing and other/GITHUB/Digit-Recognition-on-STM32/DIGIT_REC/Core/Inc/stm32f4xx_it.h_save
2023-03-12 20:18:00,451 [INFO] CodeEngine:269 - Generated code: /home/dawid/Desktop/Programing and other/GITHUB/Digit-Recognition-on-STM32/DIGIT_REC/Core/Inc/stm32f4xx_it.h
2023-03-12 20:18:00,466 [INFO] CodeEngine:245 - oldGeneratedFile, /home/dawid/Desktop/Programing and other/GITHUB/Digit-Recognition-on-STM32/DIGIT_REC/Core/Src/stm32f4xx_hal_msp.c_save
2023-03-12 20:18:00,536 [INFO] CodeEngine:269 - Generated code: /home/dawid/Desktop/Programing and other/GITHUB/Digit-Recognition-on-STM32/DIGIT_REC/Core/Src/stm32f4xx_hal_msp.c
2023-03-12 20:18:00,537 [INFO] CodeEngine:245 - oldGeneratedFile, /home/dawid/Desktop/Programing and other/GITHUB/Digit-Recognition-on-STM32/DIGIT_REC/MXTmpFiles/system.tmp_save
2023-03-12 20:18:00,610 [INFO] CodeEngine:269 - Generated code: /home/dawid/Desktop/Programing and other/GITHUB/Digit-Recognition-on-STM32/DIGIT_REC/MXTmpFiles/system.tmp
2023-03-12 20:18:00,612 [INFO] CodeEngine:245 - oldGeneratedFile, /home/dawid/Desktop/Programing and other/GITHUB/Digit-Recognition-on-STM32/DIGIT_REC/Core/Inc/stm32f4xx_hal_conf.h_save
2023-03-12 20:18:00,694 [INFO] CodeEngine:269 - Generated code: /home/dawid/Desktop/Programing and other/GITHUB/Digit-Recognition-on-STM32/DIGIT_REC/Core/Inc/stm32f4xx_hal_conf.h
2023-03-12 20:18:00,728 [INFO] CodeEngine:245 - oldGeneratedFile, /home/dawid/Desktop/Programing and other/GITHUB/Digit-Recognition-on-STM32/DIGIT_REC/Core/Inc/main.h_save
2023-03-12 20:18:00,786 [INFO] CodeEngine:269 - Generated code: /home/dawid/Desktop/Programing and other/GITHUB/Digit-Recognition-on-STM32/DIGIT_REC/Core/Inc/main.h
2023-03-12 20:18:00,787 [INFO] CodeEngine:245 - oldGeneratedFile, /home/dawid/Desktop/Programing and other/GITHUB/Digit-Recognition-on-STM32/DIGIT_REC/Core/Src/main.c_save
2023-03-12 20:18:00,874 [INFO] CodeEngine:269 - Generated code: /home/dawid/Desktop/Programing and other/GITHUB/Digit-Recognition-on-STM32/DIGIT_REC/Core/Src/main.c
2023-03-12 20:18:01,295 [INFO] ProjectBuilder:2919 - Time for Copy HAL[1] : 13mS.
2023-03-12 20:18:01,297 [INFO] ProjectBuilder:4117 - Project Generator version: 3.17.1
2023-03-12 20:18:01,676 [INFO] ConfigFileManager:1394 - The Die is : DIE431
2023-03-12 20:18:02,881 [INFO] ProjectBuilder:4285 - Time for Generating toolchain IDE Files: 1584mS.
2023-03-12 20:18:02,882 [INFO] ProjectBuilder:2790 - Time for Copy CMSIS : 0mS.
2023-03-12 20:18:02,882 [INFO] ProjectBuilder:2790 - Time for Copy CMSIS : 0mS.
2023-03-12 20:21:45,877 [INFO] UtilMem:74 - End SaveConfig() Used Memory: 530382296 Bytes (933232640)
2023-03-12 20:21:46,799 [INFO] UtilMem:74 - End SaveConfig() Used Memory: 722864464 Bytes (933232640)
2023-03-12 20:21:47,248 [INFO] UtilMem:74 - End SaveConfig() Used Memory: 595696528 Bytes (933232640)
2023-03-12 20:21:47,446 [INFO] BlockDiagram:2753 - set Specific Code input for plugin: SPI
2023-03-12 20:21:47,446 [INFO] BlockDiagram:2753 - set Specific Code input for plugin: SPI
2023-03-12 20:21:47,446 [INFO] BlockDiagram:2753 - set Specific Code input for plugin: NVIC
2023-03-12 20:21:47,446 [INFO] BlockDiagram:2753 - set Specific Code input for plugin: SPI
2023-03-12 20:21:47,446 [INFO] BlockDiagram:2753 - set Specific Code input for plugin: DMA
2023-03-12 20:21:47,446 [INFO] BlockDiagram:2753 - set Specific Code input for plugin: GPIO
2023-03-12 20:21:47,446 [INFO] BlockDiagram:2753 - set Specific Code input for plugin: RCC
2023-03-12 20:21:47,446 [INFO] CodeGenerator:690 - code generatio: config db path: /opt/st/stm32cubeide_1.10.1/plugins/com.st.stm32cube.common.mx_6.6.1.202207061420//db/
2023-03-12 20:21:47,458 [INFO] Argument:300 - Argument : hdmavalue: null
2023-03-12 20:21:47,458 [INFO] Argument:302 - 	 sub Args: 
2023-03-12 20:21:47,458 [INFO] Argument:300 - Argument : Instancevalue: DMA2_Stream2
2023-03-12 20:21:47,458 [INFO] Argument:310 - Argument : Instancevalue: DMA2_Stream2
2023-03-12 20:21:47,458 [INFO] Argument:300 - Argument : Initvalue: null
2023-03-12 20:21:47,458 [INFO] Argument:302 - 	 sub Args: 
2023-03-12 20:21:47,458 [INFO] Argument:300 - Argument : Channelvalue: DMA_CHANNEL_2
2023-03-12 20:21:47,459 [INFO] Argument:310 - Argument : Channelvalue: DMA_CHANNEL_2
2023-03-12 20:21:47,459 [INFO] Argument:300 - Argument : Directionvalue: DMA_MEMORY_TO_PERIPH
2023-03-12 20:21:47,459 [INFO] Argument:310 - Argument : Directionvalue: DMA_MEMORY_TO_PERIPH
2023-03-12 20:21:47,459 [INFO] Argument:300 - Argument : PeriphIncvalue: DMA_PINC_DISABLE
2023-03-12 20:21:47,459 [INFO] Argument:310 - Argument : PeriphIncvalue: DMA_PINC_DISABLE
2023-03-12 20:21:47,459 [INFO] Argument:300 - Argument : MemIncvalue: DMA_MINC_ENABLE
2023-03-12 20:21:47,459 [INFO] Argument:310 - Argument : MemIncvalue: DMA_MINC_ENABLE
2023-03-12 20:21:47,459 [INFO] Argument:300 - Argument : PeriphDataAlignmentvalue: DMA_PDATAALIGN_BYTE
2023-03-12 20:21:47,459 [INFO] Argument:310 - Argument : PeriphDataAlignmentvalue: DMA_PDATAALIGN_BYTE
2023-03-12 20:21:47,459 [INFO] Argument:300 - Argument : MemDataAlignmentvalue: DMA_MDATAALIGN_BYTE
2023-03-12 20:21:47,459 [INFO] Argument:310 - Argument : MemDataAlignmentvalue: DMA_MDATAALIGN_BYTE
2023-03-12 20:21:47,459 [INFO] Argument:300 - Argument : Modevalue: DMA_NORMAL
2023-03-12 20:21:47,459 [INFO] Argument:310 - Argument : Modevalue: DMA_NORMAL
2023-03-12 20:21:47,459 [INFO] Argument:300 - Argument : Priorityvalue: DMA_PRIORITY_LOW
2023-03-12 20:21:47,459 [INFO] Argument:310 - Argument : Priorityvalue: DMA_PRIORITY_LOW
2023-03-12 20:21:47,459 [INFO] Argument:300 - Argument : FIFOModevalue: DMA_FIFOMODE_DISABLE
2023-03-12 20:21:47,459 [INFO] Argument:310 - Argument : FIFOModevalue: DMA_FIFOMODE_DISABLE
2023-03-12 20:21:47,459 [INFO] Argument:300 - Argument : FIFOThresholdvalue: null
2023-03-12 20:21:47,459 [INFO] Argument:310 - Argument : FIFOThresholdvalue: null
2023-03-12 20:21:47,459 [INFO] Argument:300 - Argument : MemBurstvalue: null
2023-03-12 20:21:47,459 [INFO] Argument:310 - Argument : MemBurstvalue: null
2023-03-12 20:21:47,459 [INFO] Argument:300 - Argument : PeriphBurstvalue: null
2023-03-12 20:21:47,459 [INFO] Argument:310 - Argument : PeriphBurstvalue: null
2023-03-12 20:21:47,459 [INFO] Argument:300 - Argument : Lockvalue: null
2023-03-12 20:21:47,459 [INFO] Argument:310 - Argument : Lockvalue: null
2023-03-12 20:21:47,460 [INFO] Argument:300 - Argument : Statevalue: null
2023-03-12 20:21:47,460 [INFO] Argument:310 - Argument : Statevalue: null
2023-03-12 20:21:47,460 [INFO] Argument:300 - Argument : Parentvalue: null
2023-03-12 20:21:47,460 [INFO] Argument:310 - Argument : Parentvalue: null
2023-03-12 20:21:47,460 [INFO] Argument:300 - Argument : XferCpltCallbackvalue: null
2023-03-12 20:21:47,460 [INFO] Argument:310 - Argument : XferCpltCallbackvalue: null
2023-03-12 20:21:47,460 [INFO] Argument:300 - Argument : XferHalfCpltCallbackvalue: null
2023-03-12 20:21:47,460 [INFO] Argument:310 - Argument : XferHalfCpltCallbackvalue: null
2023-03-12 20:21:47,460 [INFO] Argument:300 - Argument : XferM1CpltCallbackvalue: null
2023-03-12 20:21:47,460 [INFO] Argument:310 - Argument : XferM1CpltCallbackvalue: null
2023-03-12 20:21:47,460 [INFO] Argument:300 - Argument : XferErrorCallbackvalue: null
2023-03-12 20:21:47,460 [INFO] Argument:310 - Argument : XferErrorCallbackvalue: null
2023-03-12 20:21:47,460 [INFO] Argument:300 - Argument : ErrorCodevalue: null
2023-03-12 20:21:47,460 [INFO] Argument:310 - Argument : ErrorCodevalue: null
2023-03-12 20:21:47,643 [INFO] CodeEngine:245 - oldGeneratedFile, /home/dawid/Desktop/Programing and other/GITHUB/Digit-Recognition-on-STM32/DIGIT_REC/MXTmpFiles/license.tmp_save
2023-03-12 20:21:47,697 [INFO] CodeEngine:269 - Generated code: /home/dawid/Desktop/Programing and other/GITHUB/Digit-Recognition-on-STM32/DIGIT_REC/MXTmpFiles/license.tmp
2023-03-12 20:21:47,713 [INFO] CodeEngine:245 - oldGeneratedFile, /home/dawid/Desktop/Programing and other/GITHUB/Digit-Recognition-on-STM32/DIGIT_REC/Core/Src/gpio.c_save
2023-03-12 20:21:47,778 [INFO] CodeEngine:269 - Generated code: /home/dawid/Desktop/Programing and other/GITHUB/Digit-Recognition-on-STM32/DIGIT_REC/Core/Src/gpio.c
2023-03-12 20:21:47,779 [INFO] CodeEngine:245 - oldGeneratedFile, /home/dawid/Desktop/Programing and other/GITHUB/Digit-Recognition-on-STM32/DIGIT_REC/Core/Inc/gpio.h_save
2023-03-12 20:21:47,836 [INFO] CodeEngine:269 - Generated code: /home/dawid/Desktop/Programing and other/GITHUB/Digit-Recognition-on-STM32/DIGIT_REC/Core/Inc/gpio.h
2023-03-12 20:21:48,006 [INFO] CodeEngine:245 - oldGeneratedFile, /home/dawid/Desktop/Programing and other/GITHUB/Digit-Recognition-on-STM32/DIGIT_REC/Core/Src/dma.c_save
2023-03-12 20:21:48,069 [INFO] CodeEngine:269 - Generated code: /home/dawid/Desktop/Programing and other/GITHUB/Digit-Recognition-on-STM32/DIGIT_REC/Core/Src/dma.c
2023-03-12 20:21:48,069 [INFO] CodeEngine:245 - oldGeneratedFile, /home/dawid/Desktop/Programing and other/GITHUB/Digit-Recognition-on-STM32/DIGIT_REC/Core/Inc/dma.h_save
2023-03-12 20:21:48,117 [INFO] CodeEngine:269 - Generated code: /home/dawid/Desktop/Programing and other/GITHUB/Digit-Recognition-on-STM32/DIGIT_REC/Core/Inc/dma.h
2023-03-12 20:21:48,120 [INFO] CodeEngine:245 - oldGeneratedFile, /home/dawid/Desktop/Programing and other/GITHUB/Digit-Recognition-on-STM32/DIGIT_REC/Core/Src/spi.c_save
2023-03-12 20:21:48,197 [INFO] CodeEngine:269 - Generated code: /home/dawid/Desktop/Programing and other/GITHUB/Digit-Recognition-on-STM32/DIGIT_REC/Core/Src/spi.c
2023-03-12 20:21:48,198 [INFO] CodeEngine:245 - oldGeneratedFile, /home/dawid/Desktop/Programing and other/GITHUB/Digit-Recognition-on-STM32/DIGIT_REC/Core/Inc/spi.h_save
2023-03-12 20:21:48,247 [INFO] CodeEngine:269 - Generated code: /home/dawid/Desktop/Programing and other/GITHUB/Digit-Recognition-on-STM32/DIGIT_REC/Core/Inc/spi.h
2023-03-12 20:21:48,250 [INFO] CodeEngine:245 - oldGeneratedFile, /home/dawid/Desktop/Programing and other/GITHUB/Digit-Recognition-on-STM32/DIGIT_REC/Core/Src/stm32f4xx_it.c_save
2023-03-12 20:21:48,305 [INFO] CodeEngine:269 - Generated code: /home/dawid/Desktop/Programing and other/GITHUB/Digit-Recognition-on-STM32/DIGIT_REC/Core/Src/stm32f4xx_it.c
2023-03-12 20:21:48,305 [INFO] CodeEngine:245 - oldGeneratedFile, /home/dawid/Desktop/Programing and other/GITHUB/Digit-Recognition-on-STM32/DIGIT_REC/Core/Inc/stm32f4xx_it.h_save
2023-03-12 20:21:48,356 [INFO] CodeEngine:269 - Generated code: /home/dawid/Desktop/Programing and other/GITHUB/Digit-Recognition-on-STM32/DIGIT_REC/Core/Inc/stm32f4xx_it.h
2023-03-12 20:21:48,367 [INFO] CodeEngine:245 - oldGeneratedFile, /home/dawid/Desktop/Programing and other/GITHUB/Digit-Recognition-on-STM32/DIGIT_REC/Core/Src/stm32f4xx_hal_msp.c_save
2023-03-12 20:21:48,432 [INFO] CodeEngine:269 - Generated code: /home/dawid/Desktop/Programing and other/GITHUB/Digit-Recognition-on-STM32/DIGIT_REC/Core/Src/stm32f4xx_hal_msp.c
2023-03-12 20:21:48,433 [INFO] CodeEngine:245 - oldGeneratedFile, /home/dawid/Desktop/Programing and other/GITHUB/Digit-Recognition-on-STM32/DIGIT_REC/MXTmpFiles/system.tmp_save
2023-03-12 20:21:48,479 [INFO] CodeEngine:269 - Generated code: /home/dawid/Desktop/Programing and other/GITHUB/Digit-Recognition-on-STM32/DIGIT_REC/MXTmpFiles/system.tmp
2023-03-12 20:21:48,481 [INFO] CodeEngine:245 - oldGeneratedFile, /home/dawid/Desktop/Programing and other/GITHUB/Digit-Recognition-on-STM32/DIGIT_REC/Core/Inc/stm32f4xx_hal_conf.h_save
2023-03-12 20:21:48,540 [INFO] CodeEngine:269 - Generated code: /home/dawid/Desktop/Programing and other/GITHUB/Digit-Recognition-on-STM32/DIGIT_REC/Core/Inc/stm32f4xx_hal_conf.h
2023-03-12 20:21:48,558 [INFO] CodeEngine:245 - oldGeneratedFile, /home/dawid/Desktop/Programing and other/GITHUB/Digit-Recognition-on-STM32/DIGIT_REC/Core/Inc/main.h_save
2023-03-12 20:21:48,610 [INFO] CodeEngine:269 - Generated code: /home/dawid/Desktop/Programing and other/GITHUB/Digit-Recognition-on-STM32/DIGIT_REC/Core/Inc/main.h
2023-03-12 20:21:48,611 [INFO] CodeEngine:245 - oldGeneratedFile, /home/dawid/Desktop/Programing and other/GITHUB/Digit-Recognition-on-STM32/DIGIT_REC/Core/Src/main.c_save
2023-03-12 20:21:48,700 [INFO] CodeEngine:269 - Generated code: /home/dawid/Desktop/Programing and other/GITHUB/Digit-Recognition-on-STM32/DIGIT_REC/Core/Src/main.c
2023-03-12 20:21:49,137 [INFO] ProjectBuilder:2919 - Time for Copy HAL[1] : 16mS.
2023-03-12 20:21:49,139 [INFO] ProjectBuilder:4117 - Project Generator version: 3.17.1
2023-03-12 20:21:49,425 [INFO] ConfigFileManager:1394 - The Die is : DIE431
2023-03-12 20:21:50,621 [INFO] ProjectBuilder:4285 - Time for Generating toolchain IDE Files: 1482mS.
2023-03-12 20:21:50,622 [INFO] ProjectBuilder:2790 - Time for Copy CMSIS : 0mS.
2023-03-12 20:21:50,622 [INFO] ProjectBuilder:2790 - Time for Copy CMSIS : 0mS.
