2023-06-06 01:04:25,749 [INFO] Activator:176 - 


2023-06-06 01:04:25,752 [INFO] Activator:177 - !SESSION log4j initialized
2023-06-06 01:04:30,082 [INFO] LogOutputStream:77 - [STDOUT_REDIRECT] 
2023-06-06 01:04:50,788 [ERROR] LogOutputStream:75 - [STDERR_REDIRECT] SLF4J: Failed to load class "org.slf4j.impl.StaticLoggerBinder".
2023-06-06 01:04:50,789 [ERROR] LogOutputStream:75 - [STDERR_REDIRECT] SLF4J: Defaulting to no-operation (NOP) logger implementation
2023-06-06 01:04:50,789 [ERROR] LogOutputStream:75 - [STDERR_REDIRECT] SLF4J: See http://www.slf4j.org/codes.html#StaticLoggerBinder for further details.
2023-06-06 02:11:16,653 [INFO] Activator:176 - 


2023-06-06 02:11:16,656 [INFO] Activator:177 - !SESSION log4j initialized
2023-06-06 02:11:22,775 [INFO] LogOutputStream:77 - [STDOUT_REDIRECT] 
2023-06-06 02:11:44,179 [ERROR] LogOutputStream:75 - [STDERR_REDIRECT] SLF4J: Failed to load class "org.slf4j.impl.StaticLoggerBinder".
2023-06-06 02:11:44,180 [ERROR] LogOutputStream:75 - [STDERR_REDIRECT] SLF4J: Defaulting to no-operation (NOP) logger implementation
2023-06-06 02:11:44,180 [ERROR] LogOutputStream:75 - [STDERR_REDIRECT] SLF4J: See http://www.slf4j.org/codes.html#StaticLoggerBinder for further details.
2023-06-06 15:40:22,315 [INFO] Activator:176 - 


2023-06-06 15:40:22,318 [INFO] Activator:177 - !SESSION log4j initialized
2023-06-06 15:40:25,901 [INFO] LogOutputStream:77 - [STDOUT_REDIRECT] 
2023-06-06 15:40:26,216 [ERROR] ConfigurationRetriever:142 - IOException on connection: sw-center.st.com
2023-06-06 15:40:26,217 [ERROR] ConfigurationRetriever:142 - IOException on connection: sw-center.st.com
2023-06-06 15:40:26,218 [ERROR] ConfigurationRetriever:142 - IOException on connection: sw-center.st.com
2023-06-06 15:40:46,664 [ERROR] LogOutputStream:75 - [STDERR_REDIRECT] SLF4J: Failed to load class "org.slf4j.impl.StaticLoggerBinder".
2023-06-06 15:40:46,665 [ERROR] LogOutputStream:75 - [STDERR_REDIRECT] SLF4J: Defaulting to no-operation (NOP) logger implementation
2023-06-06 15:40:46,665 [ERROR] LogOutputStream:75 - [STDERR_REDIRECT] SLF4J: See http://www.slf4j.org/codes.html#StaticLoggerBinder for further details.
